[2024-09-09T16:40:39.234+0000] {taskinstance.py:1159} INFO - Dependencies all met for dep_context=non-requeueable deps ti=<TaskInstance: postgres_to_csv_dag.extract_postgres_to_csv manual__2024-09-09T16:40:32.891751+00:00 [queued]>
[2024-09-09T16:40:39.244+0000] {taskinstance.py:1159} INFO - Dependencies all met for dep_context=requeueable deps ti=<TaskInstance: postgres_to_csv_dag.extract_postgres_to_csv manual__2024-09-09T16:40:32.891751+00:00 [queued]>
[2024-09-09T16:40:39.245+0000] {taskinstance.py:1361} INFO - Starting attempt 1 of 2
[2024-09-09T16:40:39.257+0000] {taskinstance.py:1382} INFO - Executing <Task(PythonOperator): extract_postgres_to_csv> on 2024-09-09 16:40:32.891751+00:00
[2024-09-09T16:40:39.278+0000] {standard_task_runner.py:57} INFO - Started process 184 to run task
[2024-09-09T16:40:39.286+0000] {standard_task_runner.py:84} INFO - Running: ['***', 'tasks', 'run', 'postgres_to_csv_dag', 'extract_postgres_to_csv', 'manual__2024-09-09T16:40:32.891751+00:00', '--job-id', '2', '--raw', '--subdir', 'DAGS_FOLDER/postgres_to_csv_dag.py', '--cfg-path', '/tmp/tmpzra34p7b']
[2024-09-09T16:40:39.295+0000] {standard_task_runner.py:85} INFO - Job 2: Subtask extract_postgres_to_csv
[2024-09-09T16:40:39.349+0000] {logging_mixin.py:151} WARNING - /home/***/.local/lib/python3.8/site-packages/***/settings.py:195 DeprecationWarning: The sql_alchemy_conn option in [core] has been moved to the sql_alchemy_conn option in [database] - the old setting has been used, but please update your config.
[2024-09-09T16:40:39.421+0000] {task_command.py:415} INFO - Running <TaskInstance: postgres_to_csv_dag.extract_postgres_to_csv manual__2024-09-09T16:40:32.891751+00:00 [running]> on host dd7d9d2c731f
[2024-09-09T16:40:41.473+0000] {taskinstance.py:1660} INFO - Exporting env vars: AIRFLOW_CTX_DAG_OWNER='fikri' AIRFLOW_CTX_DAG_ID='postgres_to_csv_dag' AIRFLOW_CTX_TASK_ID='extract_postgres_to_csv' AIRFLOW_CTX_EXECUTION_DATE='2024-09-09T16:40:32.891751+00:00' AIRFLOW_CTX_TRY_NUMBER='1' AIRFLOW_CTX_DAG_RUN_ID='manual__2024-09-09T16:40:32.891751+00:00'
[2024-09-09T16:40:41.523+0000] {taskinstance.py:1943} ERROR - Task failed with exception
Traceback (most recent call last):
  File "/home/airflow/.local/lib/python3.8/site-packages/airflow/operators/python.py", line 192, in execute
    return_value = self.execute_callable()
  File "/home/airflow/.local/lib/python3.8/site-packages/airflow/operators/python.py", line 209, in execute_callable
    return self.python_callable(*self.op_args, **self.op_kwargs)
  File "/opt/airflow/dags/postgres_to_csv_dag.py", line 16, in postgres_to_csv
    df = pg_hook.get_pandas_df(sql)
  File "/home/airflow/.local/lib/python3.8/site-packages/airflow/providers/common/sql/hooks/sql.py", line 218, in get_pandas_df
    with closing(self.get_conn()) as conn:
  File "/home/airflow/.local/lib/python3.8/site-packages/airflow/providers/postgres/hooks/postgres.py", line 124, in get_conn
    conn = deepcopy(self.connection or self.get_connection(conn_id))
  File "/home/airflow/.local/lib/python3.8/site-packages/airflow/hooks/base.py", line 72, in get_connection
    conn = Connection.get_connection_from_secrets(conn_id)
  File "/home/airflow/.local/lib/python3.8/site-packages/airflow/models/connection.py", line 477, in get_connection_from_secrets
    raise AirflowNotFoundException(f"The conn_id `{conn_id}` isn't defined")
airflow.exceptions.AirflowNotFoundException: The conn_id `local_postgres` isn't defined
[2024-09-09T16:40:41.538+0000] {taskinstance.py:1400} INFO - Marking task as UP_FOR_RETRY. dag_id=postgres_to_csv_dag, task_id=extract_postgres_to_csv, execution_date=20240909T164032, start_date=20240909T164039, end_date=20240909T164041
[2024-09-09T16:40:41.557+0000] {standard_task_runner.py:104} ERROR - Failed to execute job 2 for task extract_postgres_to_csv (The conn_id `local_postgres` isn't defined; 184)
[2024-09-09T16:40:41.644+0000] {local_task_job_runner.py:228} INFO - Task exited with return code 1
[2024-09-09T16:40:41.707+0000] {taskinstance.py:2784} INFO - 0 downstream tasks scheduled from follow-on schedule check
