[2024-09-09T16:39:27.102+0000] {processor.py:157} INFO - Started process (PID=164) to work on /opt/airflow/dags/postgres_to_csv_dag.py
[2024-09-09T16:39:27.109+0000] {processor.py:829} INFO - Processing file /opt/airflow/dags/postgres_to_csv_dag.py for tasks to queue
[2024-09-09T16:39:27.116+0000] {logging_mixin.py:151} INFO - [2024-09-09T16:39:27.114+0000] {dagbag.py:539} INFO - Filling up the DagBag from /opt/airflow/dags/postgres_to_csv_dag.py
[2024-09-09T16:39:31.165+0000] {processor.py:839} INFO - DAG(s) dict_keys(['postgres_to_csv_dag']) retrieved from /opt/airflow/dags/postgres_to_csv_dag.py
[2024-09-09T16:39:31.498+0000] {logging_mixin.py:151} INFO - [2024-09-09T16:39:31.497+0000] {manager.py:501} INFO - Created Permission View: can delete on DAG:postgres_to_csv_dag
[2024-09-09T16:39:31.512+0000] {logging_mixin.py:151} INFO - [2024-09-09T16:39:31.512+0000] {manager.py:501} INFO - Created Permission View: can edit on DAG:postgres_to_csv_dag
[2024-09-09T16:39:31.519+0000] {logging_mixin.py:151} INFO - [2024-09-09T16:39:31.519+0000] {manager.py:501} INFO - Created Permission View: can read on DAG:postgres_to_csv_dag
[2024-09-09T16:39:31.539+0000] {logging_mixin.py:151} INFO - [2024-09-09T16:39:31.538+0000] {dag.py:2907} INFO - Sync 1 DAGs
[2024-09-09T16:39:31.559+0000] {logging_mixin.py:151} INFO - [2024-09-09T16:39:31.558+0000] {dag.py:2929} INFO - Creating ORM DAG for postgres_to_csv_dag
[2024-09-09T16:39:31.578+0000] {logging_mixin.py:151} INFO - [2024-09-09T16:39:31.578+0000] {dag.py:3677} INFO - Setting next_dagrun for postgres_to_csv_dag to 2024-09-09T00:00:00+00:00, run_after=2024-09-10T00:00:00+00:00
[2024-09-09T16:39:31.599+0000] {processor.py:179} INFO - Processing /opt/airflow/dags/postgres_to_csv_dag.py took 4.528 seconds
[2024-09-09T16:40:01.921+0000] {processor.py:157} INFO - Started process (PID=170) to work on /opt/airflow/dags/postgres_to_csv_dag.py
[2024-09-09T16:40:01.927+0000] {processor.py:829} INFO - Processing file /opt/airflow/dags/postgres_to_csv_dag.py for tasks to queue
[2024-09-09T16:40:01.937+0000] {logging_mixin.py:151} INFO - [2024-09-09T16:40:01.934+0000] {dagbag.py:539} INFO - Filling up the DagBag from /opt/airflow/dags/postgres_to_csv_dag.py
[2024-09-09T16:40:04.173+0000] {processor.py:839} INFO - DAG(s) dict_keys(['postgres_to_csv_dag']) retrieved from /opt/airflow/dags/postgres_to_csv_dag.py
[2024-09-09T16:40:04.250+0000] {logging_mixin.py:151} INFO - [2024-09-09T16:40:04.248+0000] {dag.py:2907} INFO - Sync 1 DAGs
[2024-09-09T16:40:04.278+0000] {logging_mixin.py:151} INFO - [2024-09-09T16:40:04.278+0000] {dag.py:3677} INFO - Setting next_dagrun for postgres_to_csv_dag to 2024-09-09T00:00:00+00:00, run_after=2024-09-10T00:00:00+00:00
[2024-09-09T16:40:04.304+0000] {processor.py:179} INFO - Processing /opt/airflow/dags/postgres_to_csv_dag.py took 2.401 seconds
[2024-09-09T16:40:34.528+0000] {processor.py:157} INFO - Started process (PID=177) to work on /opt/airflow/dags/postgres_to_csv_dag.py
[2024-09-09T16:40:34.532+0000] {processor.py:829} INFO - Processing file /opt/airflow/dags/postgres_to_csv_dag.py for tasks to queue
[2024-09-09T16:40:34.534+0000] {logging_mixin.py:151} INFO - [2024-09-09T16:40:34.533+0000] {dagbag.py:539} INFO - Filling up the DagBag from /opt/airflow/dags/postgres_to_csv_dag.py
[2024-09-09T16:40:36.781+0000] {processor.py:839} INFO - DAG(s) dict_keys(['postgres_to_csv_dag']) retrieved from /opt/airflow/dags/postgres_to_csv_dag.py
[2024-09-09T16:40:36.912+0000] {logging_mixin.py:151} INFO - [2024-09-09T16:40:36.910+0000] {dag.py:2907} INFO - Sync 1 DAGs
[2024-09-09T16:40:36.968+0000] {logging_mixin.py:151} INFO - [2024-09-09T16:40:36.968+0000] {dag.py:3677} INFO - Setting next_dagrun for postgres_to_csv_dag to 2024-09-09T00:00:00+00:00, run_after=2024-09-10T00:00:00+00:00
[2024-09-09T16:40:36.997+0000] {processor.py:179} INFO - Processing /opt/airflow/dags/postgres_to_csv_dag.py took 2.479 seconds
[2024-09-09T16:41:07.374+0000] {processor.py:157} INFO - Started process (PID=185) to work on /opt/airflow/dags/postgres_to_csv_dag.py
[2024-09-09T16:41:07.381+0000] {processor.py:829} INFO - Processing file /opt/airflow/dags/postgres_to_csv_dag.py for tasks to queue
[2024-09-09T16:41:07.392+0000] {logging_mixin.py:151} INFO - [2024-09-09T16:41:07.387+0000] {dagbag.py:539} INFO - Filling up the DagBag from /opt/airflow/dags/postgres_to_csv_dag.py
[2024-09-09T16:41:08.449+0000] {processor.py:839} INFO - DAG(s) dict_keys(['postgres_to_csv_dag']) retrieved from /opt/airflow/dags/postgres_to_csv_dag.py
[2024-09-09T16:41:08.511+0000] {logging_mixin.py:151} INFO - [2024-09-09T16:41:08.509+0000] {dag.py:2907} INFO - Sync 1 DAGs
[2024-09-09T16:41:08.553+0000] {logging_mixin.py:151} INFO - [2024-09-09T16:41:08.553+0000] {dag.py:3677} INFO - Setting next_dagrun for postgres_to_csv_dag to 2024-09-09T00:00:00+00:00, run_after=2024-09-10T00:00:00+00:00
[2024-09-09T16:41:08.574+0000] {processor.py:179} INFO - Processing /opt/airflow/dags/postgres_to_csv_dag.py took 1.216 seconds
[2024-09-09T16:41:39.503+0000] {processor.py:157} INFO - Started process (PID=191) to work on /opt/airflow/dags/postgres_to_csv_dag.py
[2024-09-09T16:41:39.506+0000] {processor.py:829} INFO - Processing file /opt/airflow/dags/postgres_to_csv_dag.py for tasks to queue
[2024-09-09T16:41:39.509+0000] {logging_mixin.py:151} INFO - [2024-09-09T16:41:39.507+0000] {dagbag.py:539} INFO - Filling up the DagBag from /opt/airflow/dags/postgres_to_csv_dag.py
[2024-09-09T16:41:41.112+0000] {processor.py:839} INFO - DAG(s) dict_keys(['postgres_to_csv_dag']) retrieved from /opt/airflow/dags/postgres_to_csv_dag.py
[2024-09-09T16:41:41.195+0000] {logging_mixin.py:151} INFO - [2024-09-09T16:41:41.194+0000] {dag.py:2907} INFO - Sync 1 DAGs
[2024-09-09T16:41:41.226+0000] {logging_mixin.py:151} INFO - [2024-09-09T16:41:41.226+0000] {dag.py:3677} INFO - Setting next_dagrun for postgres_to_csv_dag to 2024-09-09T00:00:00+00:00, run_after=2024-09-10T00:00:00+00:00
[2024-09-09T16:41:41.244+0000] {processor.py:179} INFO - Processing /opt/airflow/dags/postgres_to_csv_dag.py took 1.749 seconds
[2024-09-09T16:42:11.842+0000] {processor.py:157} INFO - Started process (PID=197) to work on /opt/airflow/dags/postgres_to_csv_dag.py
[2024-09-09T16:42:11.846+0000] {processor.py:829} INFO - Processing file /opt/airflow/dags/postgres_to_csv_dag.py for tasks to queue
[2024-09-09T16:42:11.848+0000] {logging_mixin.py:151} INFO - [2024-09-09T16:42:11.847+0000] {dagbag.py:539} INFO - Filling up the DagBag from /opt/airflow/dags/postgres_to_csv_dag.py
[2024-09-09T16:42:12.979+0000] {processor.py:839} INFO - DAG(s) dict_keys(['postgres_to_csv_dag']) retrieved from /opt/airflow/dags/postgres_to_csv_dag.py
[2024-09-09T16:42:13.244+0000] {logging_mixin.py:151} INFO - [2024-09-09T16:42:13.222+0000] {dag.py:2907} INFO - Sync 1 DAGs
[2024-09-09T16:42:13.317+0000] {logging_mixin.py:151} INFO - [2024-09-09T16:42:13.316+0000] {dag.py:3677} INFO - Setting next_dagrun for postgres_to_csv_dag to 2024-09-09T00:00:00+00:00, run_after=2024-09-10T00:00:00+00:00
[2024-09-09T16:42:13.343+0000] {processor.py:179} INFO - Processing /opt/airflow/dags/postgres_to_csv_dag.py took 1.509 seconds
[2024-09-09T16:42:44.044+0000] {processor.py:157} INFO - Started process (PID=206) to work on /opt/airflow/dags/postgres_to_csv_dag.py
[2024-09-09T16:42:44.048+0000] {processor.py:829} INFO - Processing file /opt/airflow/dags/postgres_to_csv_dag.py for tasks to queue
[2024-09-09T16:42:44.051+0000] {logging_mixin.py:151} INFO - [2024-09-09T16:42:44.049+0000] {dagbag.py:539} INFO - Filling up the DagBag from /opt/airflow/dags/postgres_to_csv_dag.py
[2024-09-09T16:42:44.951+0000] {processor.py:839} INFO - DAG(s) dict_keys(['postgres_to_csv_dag']) retrieved from /opt/airflow/dags/postgres_to_csv_dag.py
[2024-09-09T16:42:44.990+0000] {logging_mixin.py:151} INFO - [2024-09-09T16:42:44.989+0000] {dag.py:2907} INFO - Sync 1 DAGs
[2024-09-09T16:42:45.013+0000] {logging_mixin.py:151} INFO - [2024-09-09T16:42:45.013+0000] {dag.py:3677} INFO - Setting next_dagrun for postgres_to_csv_dag to 2024-09-09T00:00:00+00:00, run_after=2024-09-10T00:00:00+00:00
[2024-09-09T16:42:45.030+0000] {processor.py:179} INFO - Processing /opt/airflow/dags/postgres_to_csv_dag.py took 1.000 seconds
[2024-09-09T16:43:15.563+0000] {processor.py:157} INFO - Started process (PID=212) to work on /opt/airflow/dags/postgres_to_csv_dag.py
[2024-09-09T16:43:15.567+0000] {processor.py:829} INFO - Processing file /opt/airflow/dags/postgres_to_csv_dag.py for tasks to queue
[2024-09-09T16:43:15.571+0000] {logging_mixin.py:151} INFO - [2024-09-09T16:43:15.570+0000] {dagbag.py:539} INFO - Filling up the DagBag from /opt/airflow/dags/postgres_to_csv_dag.py
[2024-09-09T16:43:16.481+0000] {processor.py:839} INFO - DAG(s) dict_keys(['postgres_to_csv_dag']) retrieved from /opt/airflow/dags/postgres_to_csv_dag.py
[2024-09-09T16:43:16.549+0000] {logging_mixin.py:151} INFO - [2024-09-09T16:43:16.548+0000] {dag.py:2907} INFO - Sync 1 DAGs
[2024-09-09T16:43:16.581+0000] {logging_mixin.py:151} INFO - [2024-09-09T16:43:16.581+0000] {dag.py:3677} INFO - Setting next_dagrun for postgres_to_csv_dag to 2024-09-09T00:00:00+00:00, run_after=2024-09-10T00:00:00+00:00
[2024-09-09T16:43:16.599+0000] {processor.py:179} INFO - Processing /opt/airflow/dags/postgres_to_csv_dag.py took 1.046 seconds
[2024-09-09T16:43:47.105+0000] {processor.py:157} INFO - Started process (PID=221) to work on /opt/airflow/dags/postgres_to_csv_dag.py
[2024-09-09T16:43:47.109+0000] {processor.py:829} INFO - Processing file /opt/airflow/dags/postgres_to_csv_dag.py for tasks to queue
[2024-09-09T16:43:47.111+0000] {logging_mixin.py:151} INFO - [2024-09-09T16:43:47.110+0000] {dagbag.py:539} INFO - Filling up the DagBag from /opt/airflow/dags/postgres_to_csv_dag.py
[2024-09-09T16:43:48.261+0000] {processor.py:839} INFO - DAG(s) dict_keys(['postgres_to_csv_dag']) retrieved from /opt/airflow/dags/postgres_to_csv_dag.py
[2024-09-09T16:43:48.342+0000] {logging_mixin.py:151} INFO - [2024-09-09T16:43:48.341+0000] {dag.py:2907} INFO - Sync 1 DAGs
[2024-09-09T16:43:48.388+0000] {logging_mixin.py:151} INFO - [2024-09-09T16:43:48.388+0000] {dag.py:3677} INFO - Setting next_dagrun for postgres_to_csv_dag to 2024-09-09T00:00:00+00:00, run_after=2024-09-10T00:00:00+00:00
[2024-09-09T16:43:48.407+0000] {processor.py:179} INFO - Processing /opt/airflow/dags/postgres_to_csv_dag.py took 1.310 seconds
[2024-09-09T16:44:18.995+0000] {processor.py:157} INFO - Started process (PID=227) to work on /opt/airflow/dags/postgres_to_csv_dag.py
[2024-09-09T16:44:19.015+0000] {processor.py:829} INFO - Processing file /opt/airflow/dags/postgres_to_csv_dag.py for tasks to queue
[2024-09-09T16:44:19.023+0000] {logging_mixin.py:151} INFO - [2024-09-09T16:44:19.021+0000] {dagbag.py:539} INFO - Filling up the DagBag from /opt/airflow/dags/postgres_to_csv_dag.py
[2024-09-09T16:44:20.401+0000] {processor.py:839} INFO - DAG(s) dict_keys(['postgres_to_csv_dag']) retrieved from /opt/airflow/dags/postgres_to_csv_dag.py
[2024-09-09T16:44:20.517+0000] {logging_mixin.py:151} INFO - [2024-09-09T16:44:20.515+0000] {dag.py:2907} INFO - Sync 1 DAGs
[2024-09-09T16:44:20.560+0000] {logging_mixin.py:151} INFO - [2024-09-09T16:44:20.560+0000] {dag.py:3677} INFO - Setting next_dagrun for postgres_to_csv_dag to 2024-09-09T00:00:00+00:00, run_after=2024-09-10T00:00:00+00:00
[2024-09-09T16:44:20.583+0000] {processor.py:179} INFO - Processing /opt/airflow/dags/postgres_to_csv_dag.py took 1.621 seconds
[2024-09-09T16:44:51.372+0000] {processor.py:157} INFO - Started process (PID=233) to work on /opt/airflow/dags/postgres_to_csv_dag.py
[2024-09-09T16:44:51.376+0000] {processor.py:829} INFO - Processing file /opt/airflow/dags/postgres_to_csv_dag.py for tasks to queue
[2024-09-09T16:44:51.379+0000] {logging_mixin.py:151} INFO - [2024-09-09T16:44:51.378+0000] {dagbag.py:539} INFO - Filling up the DagBag from /opt/airflow/dags/postgres_to_csv_dag.py
[2024-09-09T16:44:52.336+0000] {processor.py:839} INFO - DAG(s) dict_keys(['postgres_to_csv_dag']) retrieved from /opt/airflow/dags/postgres_to_csv_dag.py
[2024-09-09T16:44:52.397+0000] {logging_mixin.py:151} INFO - [2024-09-09T16:44:52.397+0000] {dag.py:2907} INFO - Sync 1 DAGs
[2024-09-09T16:44:52.433+0000] {logging_mixin.py:151} INFO - [2024-09-09T16:44:52.433+0000] {dag.py:3677} INFO - Setting next_dagrun for postgres_to_csv_dag to 2024-09-09T00:00:00+00:00, run_after=2024-09-10T00:00:00+00:00
[2024-09-09T16:44:52.481+0000] {processor.py:179} INFO - Processing /opt/airflow/dags/postgres_to_csv_dag.py took 1.120 seconds
[2024-09-09T16:45:22.856+0000] {processor.py:157} INFO - Started process (PID=239) to work on /opt/airflow/dags/postgres_to_csv_dag.py
[2024-09-09T16:45:22.860+0000] {processor.py:829} INFO - Processing file /opt/airflow/dags/postgres_to_csv_dag.py for tasks to queue
[2024-09-09T16:45:22.862+0000] {logging_mixin.py:151} INFO - [2024-09-09T16:45:22.861+0000] {dagbag.py:539} INFO - Filling up the DagBag from /opt/airflow/dags/postgres_to_csv_dag.py
[2024-09-09T16:45:24.222+0000] {processor.py:839} INFO - DAG(s) dict_keys(['postgres_to_csv_dag']) retrieved from /opt/airflow/dags/postgres_to_csv_dag.py
[2024-09-09T16:45:24.326+0000] {logging_mixin.py:151} INFO - [2024-09-09T16:45:24.325+0000] {dag.py:2907} INFO - Sync 1 DAGs
[2024-09-09T16:45:24.362+0000] {logging_mixin.py:151} INFO - [2024-09-09T16:45:24.362+0000] {dag.py:3677} INFO - Setting next_dagrun for postgres_to_csv_dag to 2024-09-09T00:00:00+00:00, run_after=2024-09-10T00:00:00+00:00
[2024-09-09T16:45:24.386+0000] {processor.py:179} INFO - Processing /opt/airflow/dags/postgres_to_csv_dag.py took 1.543 seconds
[2024-09-09T16:45:54.992+0000] {processor.py:157} INFO - Started process (PID=248) to work on /opt/airflow/dags/postgres_to_csv_dag.py
[2024-09-09T16:45:54.997+0000] {processor.py:829} INFO - Processing file /opt/airflow/dags/postgres_to_csv_dag.py for tasks to queue
[2024-09-09T16:45:55.000+0000] {logging_mixin.py:151} INFO - [2024-09-09T16:45:54.999+0000] {dagbag.py:539} INFO - Filling up the DagBag from /opt/airflow/dags/postgres_to_csv_dag.py
[2024-09-09T16:45:55.910+0000] {processor.py:839} INFO - DAG(s) dict_keys(['postgres_to_csv_dag']) retrieved from /opt/airflow/dags/postgres_to_csv_dag.py
[2024-09-09T16:45:55.953+0000] {logging_mixin.py:151} INFO - [2024-09-09T16:45:55.953+0000] {dag.py:2907} INFO - Sync 1 DAGs
[2024-09-09T16:45:55.981+0000] {logging_mixin.py:151} INFO - [2024-09-09T16:45:55.981+0000] {dag.py:3677} INFO - Setting next_dagrun for postgres_to_csv_dag to 2024-09-09T00:00:00+00:00, run_after=2024-09-10T00:00:00+00:00
[2024-09-09T16:45:55.998+0000] {processor.py:179} INFO - Processing /opt/airflow/dags/postgres_to_csv_dag.py took 1.041 seconds
[2024-09-09T16:46:26.388+0000] {processor.py:157} INFO - Started process (PID=254) to work on /opt/airflow/dags/postgres_to_csv_dag.py
[2024-09-09T16:46:26.393+0000] {processor.py:829} INFO - Processing file /opt/airflow/dags/postgres_to_csv_dag.py for tasks to queue
[2024-09-09T16:46:26.397+0000] {logging_mixin.py:151} INFO - [2024-09-09T16:46:26.395+0000] {dagbag.py:539} INFO - Filling up the DagBag from /opt/airflow/dags/postgres_to_csv_dag.py
[2024-09-09T16:46:27.028+0000] {processor.py:839} INFO - DAG(s) dict_keys(['postgres_to_csv_dag']) retrieved from /opt/airflow/dags/postgres_to_csv_dag.py
[2024-09-09T16:46:27.101+0000] {logging_mixin.py:151} INFO - [2024-09-09T16:46:27.099+0000] {dag.py:2907} INFO - Sync 1 DAGs
[2024-09-09T16:46:27.131+0000] {logging_mixin.py:151} INFO - [2024-09-09T16:46:27.131+0000] {dag.py:3677} INFO - Setting next_dagrun for postgres_to_csv_dag to 2024-09-09T00:00:00+00:00, run_after=2024-09-10T00:00:00+00:00
[2024-09-09T16:46:27.150+0000] {processor.py:179} INFO - Processing /opt/airflow/dags/postgres_to_csv_dag.py took 0.779 seconds
[2024-09-09T16:46:57.712+0000] {processor.py:157} INFO - Started process (PID=260) to work on /opt/airflow/dags/postgres_to_csv_dag.py
[2024-09-09T16:46:57.718+0000] {processor.py:829} INFO - Processing file /opt/airflow/dags/postgres_to_csv_dag.py for tasks to queue
[2024-09-09T16:46:57.721+0000] {logging_mixin.py:151} INFO - [2024-09-09T16:46:57.720+0000] {dagbag.py:539} INFO - Filling up the DagBag from /opt/airflow/dags/postgres_to_csv_dag.py
[2024-09-09T16:46:58.772+0000] {processor.py:839} INFO - DAG(s) dict_keys(['postgres_to_csv_dag']) retrieved from /opt/airflow/dags/postgres_to_csv_dag.py
[2024-09-09T16:46:58.851+0000] {logging_mixin.py:151} INFO - [2024-09-09T16:46:58.850+0000] {dag.py:2907} INFO - Sync 1 DAGs
[2024-09-09T16:46:58.891+0000] {logging_mixin.py:151} INFO - [2024-09-09T16:46:58.890+0000] {dag.py:3677} INFO - Setting next_dagrun for postgres_to_csv_dag to 2024-09-09T00:00:00+00:00, run_after=2024-09-10T00:00:00+00:00
[2024-09-09T16:46:58.930+0000] {processor.py:179} INFO - Processing /opt/airflow/dags/postgres_to_csv_dag.py took 1.230 seconds
[2024-09-09T16:47:29.210+0000] {processor.py:157} INFO - Started process (PID=266) to work on /opt/airflow/dags/postgres_to_csv_dag.py
[2024-09-09T16:47:29.215+0000] {processor.py:829} INFO - Processing file /opt/airflow/dags/postgres_to_csv_dag.py for tasks to queue
[2024-09-09T16:47:29.219+0000] {logging_mixin.py:151} INFO - [2024-09-09T16:47:29.217+0000] {dagbag.py:539} INFO - Filling up the DagBag from /opt/airflow/dags/postgres_to_csv_dag.py
[2024-09-09T16:47:29.850+0000] {processor.py:839} INFO - DAG(s) dict_keys(['postgres_to_csv_dag']) retrieved from /opt/airflow/dags/postgres_to_csv_dag.py
[2024-09-09T16:47:29.899+0000] {logging_mixin.py:151} INFO - [2024-09-09T16:47:29.899+0000] {dag.py:2907} INFO - Sync 1 DAGs
[2024-09-09T16:47:29.929+0000] {logging_mixin.py:151} INFO - [2024-09-09T16:47:29.928+0000] {dag.py:3677} INFO - Setting next_dagrun for postgres_to_csv_dag to 2024-09-09T00:00:00+00:00, run_after=2024-09-10T00:00:00+00:00
[2024-09-09T16:47:29.950+0000] {processor.py:179} INFO - Processing /opt/airflow/dags/postgres_to_csv_dag.py took 0.756 seconds
[2024-09-09T16:48:00.549+0000] {processor.py:157} INFO - Started process (PID=272) to work on /opt/airflow/dags/postgres_to_csv_dag.py
[2024-09-09T16:48:00.554+0000] {processor.py:829} INFO - Processing file /opt/airflow/dags/postgres_to_csv_dag.py for tasks to queue
[2024-09-09T16:48:00.558+0000] {logging_mixin.py:151} INFO - [2024-09-09T16:48:00.556+0000] {dagbag.py:539} INFO - Filling up the DagBag from /opt/airflow/dags/postgres_to_csv_dag.py
[2024-09-09T16:48:01.448+0000] {processor.py:839} INFO - DAG(s) dict_keys(['postgres_to_csv_dag']) retrieved from /opt/airflow/dags/postgres_to_csv_dag.py
[2024-09-09T16:48:01.541+0000] {logging_mixin.py:151} INFO - [2024-09-09T16:48:01.541+0000] {dag.py:2907} INFO - Sync 1 DAGs
[2024-09-09T16:48:01.600+0000] {logging_mixin.py:151} INFO - [2024-09-09T16:48:01.600+0000] {dag.py:3677} INFO - Setting next_dagrun for postgres_to_csv_dag to 2024-09-09T00:00:00+00:00, run_after=2024-09-10T00:00:00+00:00
[2024-09-09T16:48:01.628+0000] {processor.py:179} INFO - Processing /opt/airflow/dags/postgres_to_csv_dag.py took 1.096 seconds
[2024-09-09T16:48:32.103+0000] {processor.py:157} INFO - Started process (PID=278) to work on /opt/airflow/dags/postgres_to_csv_dag.py
[2024-09-09T16:48:32.108+0000] {processor.py:829} INFO - Processing file /opt/airflow/dags/postgres_to_csv_dag.py for tasks to queue
[2024-09-09T16:48:32.111+0000] {logging_mixin.py:151} INFO - [2024-09-09T16:48:32.110+0000] {dagbag.py:539} INFO - Filling up the DagBag from /opt/airflow/dags/postgres_to_csv_dag.py
[2024-09-09T16:48:32.699+0000] {processor.py:839} INFO - DAG(s) dict_keys(['postgres_to_csv_dag']) retrieved from /opt/airflow/dags/postgres_to_csv_dag.py
[2024-09-09T16:48:32.761+0000] {logging_mixin.py:151} INFO - [2024-09-09T16:48:32.761+0000] {dag.py:2907} INFO - Sync 1 DAGs
[2024-09-09T16:48:32.793+0000] {logging_mixin.py:151} INFO - [2024-09-09T16:48:32.793+0000] {dag.py:3677} INFO - Setting next_dagrun for postgres_to_csv_dag to 2024-09-09T00:00:00+00:00, run_after=2024-09-10T00:00:00+00:00
[2024-09-09T16:48:32.812+0000] {processor.py:179} INFO - Processing /opt/airflow/dags/postgres_to_csv_dag.py took 0.721 seconds
[2024-09-09T16:49:03.314+0000] {processor.py:157} INFO - Started process (PID=284) to work on /opt/airflow/dags/postgres_to_csv_dag.py
[2024-09-09T16:49:03.320+0000] {processor.py:829} INFO - Processing file /opt/airflow/dags/postgres_to_csv_dag.py for tasks to queue
[2024-09-09T16:49:03.324+0000] {logging_mixin.py:151} INFO - [2024-09-09T16:49:03.322+0000] {dagbag.py:539} INFO - Filling up the DagBag from /opt/airflow/dags/postgres_to_csv_dag.py
[2024-09-09T16:49:03.900+0000] {processor.py:839} INFO - DAG(s) dict_keys(['postgres_to_csv_dag']) retrieved from /opt/airflow/dags/postgres_to_csv_dag.py
[2024-09-09T16:49:03.981+0000] {logging_mixin.py:151} INFO - [2024-09-09T16:49:03.981+0000] {dag.py:2907} INFO - Sync 1 DAGs
[2024-09-09T16:49:04.025+0000] {logging_mixin.py:151} INFO - [2024-09-09T16:49:04.025+0000] {dag.py:3677} INFO - Setting next_dagrun for postgres_to_csv_dag to 2024-09-09T00:00:00+00:00, run_after=2024-09-10T00:00:00+00:00
[2024-09-09T16:49:04.049+0000] {processor.py:179} INFO - Processing /opt/airflow/dags/postgres_to_csv_dag.py took 0.754 seconds
[2024-09-09T16:49:34.754+0000] {processor.py:157} INFO - Started process (PID=290) to work on /opt/airflow/dags/postgres_to_csv_dag.py
[2024-09-09T16:49:34.758+0000] {processor.py:829} INFO - Processing file /opt/airflow/dags/postgres_to_csv_dag.py for tasks to queue
[2024-09-09T16:49:34.765+0000] {logging_mixin.py:151} INFO - [2024-09-09T16:49:34.763+0000] {dagbag.py:539} INFO - Filling up the DagBag from /opt/airflow/dags/postgres_to_csv_dag.py
[2024-09-09T16:49:35.348+0000] {processor.py:839} INFO - DAG(s) dict_keys(['postgres_to_csv_dag']) retrieved from /opt/airflow/dags/postgres_to_csv_dag.py
[2024-09-09T16:49:35.405+0000] {logging_mixin.py:151} INFO - [2024-09-09T16:49:35.404+0000] {dag.py:2907} INFO - Sync 1 DAGs
[2024-09-09T16:49:35.436+0000] {logging_mixin.py:151} INFO - [2024-09-09T16:49:35.435+0000] {dag.py:3677} INFO - Setting next_dagrun for postgres_to_csv_dag to 2024-09-09T00:00:00+00:00, run_after=2024-09-10T00:00:00+00:00
[2024-09-09T16:49:35.457+0000] {processor.py:179} INFO - Processing /opt/airflow/dags/postgres_to_csv_dag.py took 0.725 seconds
[2024-09-09T16:50:29.665+0000] {processor.py:157} INFO - Started process (PID=163) to work on /opt/airflow/dags/postgres_to_csv_dag.py
[2024-09-09T16:50:29.668+0000] {processor.py:829} INFO - Processing file /opt/airflow/dags/postgres_to_csv_dag.py for tasks to queue
[2024-09-09T16:50:29.670+0000] {logging_mixin.py:151} INFO - [2024-09-09T16:50:29.669+0000] {dagbag.py:539} INFO - Filling up the DagBag from /opt/airflow/dags/postgres_to_csv_dag.py
[2024-09-09T16:50:31.723+0000] {processor.py:839} INFO - DAG(s) dict_keys(['postgres_to_csv_dag']) retrieved from /opt/airflow/dags/postgres_to_csv_dag.py
[2024-09-09T16:50:31.836+0000] {logging_mixin.py:151} INFO - [2024-09-09T16:50:31.835+0000] {dag.py:2907} INFO - Sync 1 DAGs
[2024-09-09T16:50:31.875+0000] {logging_mixin.py:151} INFO - [2024-09-09T16:50:31.875+0000] {dag.py:3677} INFO - Setting next_dagrun for postgres_to_csv_dag to 2024-09-09T00:00:00+00:00, run_after=2024-09-10T00:00:00+00:00
[2024-09-09T16:50:31.896+0000] {processor.py:179} INFO - Processing /opt/airflow/dags/postgres_to_csv_dag.py took 2.238 seconds
[2024-09-09T16:51:02.422+0000] {processor.py:157} INFO - Started process (PID=173) to work on /opt/airflow/dags/postgres_to_csv_dag.py
[2024-09-09T16:51:02.431+0000] {processor.py:829} INFO - Processing file /opt/airflow/dags/postgres_to_csv_dag.py for tasks to queue
[2024-09-09T16:51:02.437+0000] {logging_mixin.py:151} INFO - [2024-09-09T16:51:02.435+0000] {dagbag.py:539} INFO - Filling up the DagBag from /opt/airflow/dags/postgres_to_csv_dag.py
[2024-09-09T16:51:03.671+0000] {processor.py:839} INFO - DAG(s) dict_keys(['postgres_to_csv_dag']) retrieved from /opt/airflow/dags/postgres_to_csv_dag.py
[2024-09-09T16:51:03.746+0000] {logging_mixin.py:151} INFO - [2024-09-09T16:51:03.745+0000] {dag.py:2907} INFO - Sync 1 DAGs
[2024-09-09T16:51:03.771+0000] {logging_mixin.py:151} INFO - [2024-09-09T16:51:03.771+0000] {dag.py:3677} INFO - Setting next_dagrun for postgres_to_csv_dag to 2024-09-09T00:00:00+00:00, run_after=2024-09-10T00:00:00+00:00
[2024-09-09T16:51:03.788+0000] {processor.py:179} INFO - Processing /opt/airflow/dags/postgres_to_csv_dag.py took 1.388 seconds
[2024-09-09T16:51:34.129+0000] {processor.py:157} INFO - Started process (PID=182) to work on /opt/airflow/dags/postgres_to_csv_dag.py
[2024-09-09T16:51:34.132+0000] {processor.py:829} INFO - Processing file /opt/airflow/dags/postgres_to_csv_dag.py for tasks to queue
[2024-09-09T16:51:34.135+0000] {logging_mixin.py:151} INFO - [2024-09-09T16:51:34.134+0000] {dagbag.py:539} INFO - Filling up the DagBag from /opt/airflow/dags/postgres_to_csv_dag.py
[2024-09-09T16:51:35.001+0000] {processor.py:839} INFO - DAG(s) dict_keys(['postgres_to_csv_dag']) retrieved from /opt/airflow/dags/postgres_to_csv_dag.py
[2024-09-09T16:51:35.045+0000] {logging_mixin.py:151} INFO - [2024-09-09T16:51:35.044+0000] {dag.py:2907} INFO - Sync 1 DAGs
[2024-09-09T16:51:35.067+0000] {logging_mixin.py:151} INFO - [2024-09-09T16:51:35.067+0000] {dag.py:3677} INFO - Setting next_dagrun for postgres_to_csv_dag to 2024-09-09T00:00:00+00:00, run_after=2024-09-10T00:00:00+00:00
[2024-09-09T16:51:35.083+0000] {processor.py:179} INFO - Processing /opt/airflow/dags/postgres_to_csv_dag.py took 0.971 seconds
[2024-09-09T16:52:05.705+0000] {processor.py:157} INFO - Started process (PID=188) to work on /opt/airflow/dags/postgres_to_csv_dag.py
[2024-09-09T16:52:05.709+0000] {processor.py:829} INFO - Processing file /opt/airflow/dags/postgres_to_csv_dag.py for tasks to queue
[2024-09-09T16:52:05.713+0000] {logging_mixin.py:151} INFO - [2024-09-09T16:52:05.711+0000] {dagbag.py:539} INFO - Filling up the DagBag from /opt/airflow/dags/postgres_to_csv_dag.py
[2024-09-09T16:52:06.495+0000] {processor.py:839} INFO - DAG(s) dict_keys(['postgres_to_csv_dag']) retrieved from /opt/airflow/dags/postgres_to_csv_dag.py
[2024-09-09T16:52:06.537+0000] {logging_mixin.py:151} INFO - [2024-09-09T16:52:06.536+0000] {dag.py:2907} INFO - Sync 1 DAGs
[2024-09-09T16:52:06.558+0000] {logging_mixin.py:151} INFO - [2024-09-09T16:52:06.558+0000] {dag.py:3677} INFO - Setting next_dagrun for postgres_to_csv_dag to 2024-09-09T00:00:00+00:00, run_after=2024-09-10T00:00:00+00:00
[2024-09-09T16:52:06.574+0000] {processor.py:179} INFO - Processing /opt/airflow/dags/postgres_to_csv_dag.py took 0.878 seconds
[2024-09-09T16:52:37.253+0000] {processor.py:157} INFO - Started process (PID=194) to work on /opt/airflow/dags/postgres_to_csv_dag.py
[2024-09-09T16:52:37.256+0000] {processor.py:829} INFO - Processing file /opt/airflow/dags/postgres_to_csv_dag.py for tasks to queue
[2024-09-09T16:52:37.259+0000] {logging_mixin.py:151} INFO - [2024-09-09T16:52:37.258+0000] {dagbag.py:539} INFO - Filling up the DagBag from /opt/airflow/dags/postgres_to_csv_dag.py
[2024-09-09T16:52:37.979+0000] {processor.py:839} INFO - DAG(s) dict_keys(['postgres_to_csv_dag']) retrieved from /opt/airflow/dags/postgres_to_csv_dag.py
[2024-09-09T16:52:38.053+0000] {logging_mixin.py:151} INFO - [2024-09-09T16:52:38.052+0000] {dag.py:2907} INFO - Sync 1 DAGs
[2024-09-09T16:52:38.097+0000] {logging_mixin.py:151} INFO - [2024-09-09T16:52:38.096+0000] {dag.py:3677} INFO - Setting next_dagrun for postgres_to_csv_dag to 2024-09-09T00:00:00+00:00, run_after=2024-09-10T00:00:00+00:00
[2024-09-09T16:52:38.125+0000] {processor.py:179} INFO - Processing /opt/airflow/dags/postgres_to_csv_dag.py took 0.882 seconds
[2024-09-09T16:53:08.647+0000] {processor.py:157} INFO - Started process (PID=200) to work on /opt/airflow/dags/postgres_to_csv_dag.py
[2024-09-09T16:53:08.649+0000] {processor.py:829} INFO - Processing file /opt/airflow/dags/postgres_to_csv_dag.py for tasks to queue
[2024-09-09T16:53:08.651+0000] {logging_mixin.py:151} INFO - [2024-09-09T16:53:08.651+0000] {dagbag.py:539} INFO - Filling up the DagBag from /opt/airflow/dags/postgres_to_csv_dag.py
[2024-09-09T16:53:09.349+0000] {processor.py:839} INFO - DAG(s) dict_keys(['postgres_to_csv_dag']) retrieved from /opt/airflow/dags/postgres_to_csv_dag.py
[2024-09-09T16:53:09.392+0000] {logging_mixin.py:151} INFO - [2024-09-09T16:53:09.391+0000] {dag.py:2907} INFO - Sync 1 DAGs
[2024-09-09T16:53:09.412+0000] {logging_mixin.py:151} INFO - [2024-09-09T16:53:09.412+0000] {dag.py:3677} INFO - Setting next_dagrun for postgres_to_csv_dag to 2024-09-09T00:00:00+00:00, run_after=2024-09-10T00:00:00+00:00
[2024-09-09T16:53:09.426+0000] {processor.py:179} INFO - Processing /opt/airflow/dags/postgres_to_csv_dag.py took 0.787 seconds
[2024-09-09T16:53:39.997+0000] {processor.py:157} INFO - Started process (PID=206) to work on /opt/airflow/dags/postgres_to_csv_dag.py
[2024-09-09T16:53:40.003+0000] {processor.py:829} INFO - Processing file /opt/airflow/dags/postgres_to_csv_dag.py for tasks to queue
[2024-09-09T16:53:40.006+0000] {logging_mixin.py:151} INFO - [2024-09-09T16:53:40.005+0000] {dagbag.py:539} INFO - Filling up the DagBag from /opt/airflow/dags/postgres_to_csv_dag.py
[2024-09-09T16:53:40.784+0000] {processor.py:839} INFO - DAG(s) dict_keys(['postgres_to_csv_dag']) retrieved from /opt/airflow/dags/postgres_to_csv_dag.py
[2024-09-09T16:53:40.859+0000] {logging_mixin.py:151} INFO - [2024-09-09T16:53:40.858+0000] {dag.py:2907} INFO - Sync 1 DAGs
[2024-09-09T16:53:40.896+0000] {logging_mixin.py:151} INFO - [2024-09-09T16:53:40.895+0000] {dag.py:3677} INFO - Setting next_dagrun for postgres_to_csv_dag to 2024-09-09T00:00:00+00:00, run_after=2024-09-10T00:00:00+00:00
[2024-09-09T16:53:40.917+0000] {processor.py:179} INFO - Processing /opt/airflow/dags/postgres_to_csv_dag.py took 0.948 seconds
[2024-09-09T16:54:11.471+0000] {processor.py:157} INFO - Started process (PID=212) to work on /opt/airflow/dags/postgres_to_csv_dag.py
[2024-09-09T16:54:11.476+0000] {processor.py:829} INFO - Processing file /opt/airflow/dags/postgres_to_csv_dag.py for tasks to queue
[2024-09-09T16:54:11.478+0000] {logging_mixin.py:151} INFO - [2024-09-09T16:54:11.477+0000] {dagbag.py:539} INFO - Filling up the DagBag from /opt/airflow/dags/postgres_to_csv_dag.py
[2024-09-09T16:54:12.130+0000] {processor.py:839} INFO - DAG(s) dict_keys(['postgres_to_csv_dag']) retrieved from /opt/airflow/dags/postgres_to_csv_dag.py
[2024-09-09T16:54:12.167+0000] {logging_mixin.py:151} INFO - [2024-09-09T16:54:12.167+0000] {dag.py:2907} INFO - Sync 1 DAGs
[2024-09-09T16:54:12.187+0000] {logging_mixin.py:151} INFO - [2024-09-09T16:54:12.187+0000] {dag.py:3677} INFO - Setting next_dagrun for postgres_to_csv_dag to 2024-09-09T00:00:00+00:00, run_after=2024-09-10T00:00:00+00:00
[2024-09-09T16:54:12.201+0000] {processor.py:179} INFO - Processing /opt/airflow/dags/postgres_to_csv_dag.py took 0.738 seconds
[2024-09-09T16:54:42.723+0000] {processor.py:157} INFO - Started process (PID=218) to work on /opt/airflow/dags/postgres_to_csv_dag.py
[2024-09-09T16:54:42.727+0000] {processor.py:829} INFO - Processing file /opt/airflow/dags/postgres_to_csv_dag.py for tasks to queue
[2024-09-09T16:54:42.730+0000] {logging_mixin.py:151} INFO - [2024-09-09T16:54:42.729+0000] {dagbag.py:539} INFO - Filling up the DagBag from /opt/airflow/dags/postgres_to_csv_dag.py
[2024-09-09T16:54:43.526+0000] {processor.py:839} INFO - DAG(s) dict_keys(['postgres_to_csv_dag']) retrieved from /opt/airflow/dags/postgres_to_csv_dag.py
[2024-09-09T16:54:43.567+0000] {logging_mixin.py:151} INFO - [2024-09-09T16:54:43.567+0000] {dag.py:2907} INFO - Sync 1 DAGs
[2024-09-09T16:54:43.588+0000] {logging_mixin.py:151} INFO - [2024-09-09T16:54:43.588+0000] {dag.py:3677} INFO - Setting next_dagrun for postgres_to_csv_dag to 2024-09-09T00:00:00+00:00, run_after=2024-09-10T00:00:00+00:00
[2024-09-09T16:54:43.603+0000] {processor.py:179} INFO - Processing /opt/airflow/dags/postgres_to_csv_dag.py took 0.888 seconds
[2024-09-09T16:55:14.123+0000] {processor.py:157} INFO - Started process (PID=224) to work on /opt/airflow/dags/postgres_to_csv_dag.py
[2024-09-09T16:55:14.127+0000] {processor.py:829} INFO - Processing file /opt/airflow/dags/postgres_to_csv_dag.py for tasks to queue
[2024-09-09T16:55:14.130+0000] {logging_mixin.py:151} INFO - [2024-09-09T16:55:14.129+0000] {dagbag.py:539} INFO - Filling up the DagBag from /opt/airflow/dags/postgres_to_csv_dag.py
[2024-09-09T16:55:14.979+0000] {processor.py:839} INFO - DAG(s) dict_keys(['postgres_to_csv_dag']) retrieved from /opt/airflow/dags/postgres_to_csv_dag.py
[2024-09-09T16:55:15.018+0000] {logging_mixin.py:151} INFO - [2024-09-09T16:55:15.017+0000] {dag.py:2907} INFO - Sync 1 DAGs
[2024-09-09T16:55:15.038+0000] {logging_mixin.py:151} INFO - [2024-09-09T16:55:15.038+0000] {dag.py:3677} INFO - Setting next_dagrun for postgres_to_csv_dag to 2024-09-09T00:00:00+00:00, run_after=2024-09-10T00:00:00+00:00
[2024-09-09T16:55:15.052+0000] {processor.py:179} INFO - Processing /opt/airflow/dags/postgres_to_csv_dag.py took 0.940 seconds
[2024-09-09T16:55:45.667+0000] {processor.py:157} INFO - Started process (PID=230) to work on /opt/airflow/dags/postgres_to_csv_dag.py
[2024-09-09T16:55:45.671+0000] {processor.py:829} INFO - Processing file /opt/airflow/dags/postgres_to_csv_dag.py for tasks to queue
[2024-09-09T16:55:45.674+0000] {logging_mixin.py:151} INFO - [2024-09-09T16:55:45.673+0000] {dagbag.py:539} INFO - Filling up the DagBag from /opt/airflow/dags/postgres_to_csv_dag.py
[2024-09-09T16:55:46.532+0000] {processor.py:839} INFO - DAG(s) dict_keys(['postgres_to_csv_dag']) retrieved from /opt/airflow/dags/postgres_to_csv_dag.py
[2024-09-09T16:55:46.580+0000] {logging_mixin.py:151} INFO - [2024-09-09T16:55:46.579+0000] {dag.py:2907} INFO - Sync 1 DAGs
[2024-09-09T16:55:46.601+0000] {logging_mixin.py:151} INFO - [2024-09-09T16:55:46.600+0000] {dag.py:3677} INFO - Setting next_dagrun for postgres_to_csv_dag to 2024-09-09T00:00:00+00:00, run_after=2024-09-10T00:00:00+00:00
[2024-09-09T16:55:46.616+0000] {processor.py:179} INFO - Processing /opt/airflow/dags/postgres_to_csv_dag.py took 0.956 seconds
[2024-09-09T16:56:17.130+0000] {processor.py:157} INFO - Started process (PID=239) to work on /opt/airflow/dags/postgres_to_csv_dag.py
[2024-09-09T16:56:17.134+0000] {processor.py:829} INFO - Processing file /opt/airflow/dags/postgres_to_csv_dag.py for tasks to queue
[2024-09-09T16:56:17.137+0000] {logging_mixin.py:151} INFO - [2024-09-09T16:56:17.136+0000] {dagbag.py:539} INFO - Filling up the DagBag from /opt/airflow/dags/postgres_to_csv_dag.py
[2024-09-09T16:56:17.805+0000] {processor.py:839} INFO - DAG(s) dict_keys(['postgres_to_csv_dag']) retrieved from /opt/airflow/dags/postgres_to_csv_dag.py
[2024-09-09T16:56:17.840+0000] {logging_mixin.py:151} INFO - [2024-09-09T16:56:17.840+0000] {dag.py:2907} INFO - Sync 1 DAGs
[2024-09-09T16:56:17.860+0000] {logging_mixin.py:151} INFO - [2024-09-09T16:56:17.860+0000] {dag.py:3677} INFO - Setting next_dagrun for postgres_to_csv_dag to 2024-09-09T00:00:00+00:00, run_after=2024-09-10T00:00:00+00:00
[2024-09-09T16:56:17.873+0000] {processor.py:179} INFO - Processing /opt/airflow/dags/postgres_to_csv_dag.py took 0.751 seconds
[2024-09-09T16:56:48.357+0000] {processor.py:157} INFO - Started process (PID=245) to work on /opt/airflow/dags/postgres_to_csv_dag.py
[2024-09-09T16:56:48.361+0000] {processor.py:829} INFO - Processing file /opt/airflow/dags/postgres_to_csv_dag.py for tasks to queue
[2024-09-09T16:56:48.363+0000] {logging_mixin.py:151} INFO - [2024-09-09T16:56:48.362+0000] {dagbag.py:539} INFO - Filling up the DagBag from /opt/airflow/dags/postgres_to_csv_dag.py
[2024-09-09T16:56:49.139+0000] {processor.py:839} INFO - DAG(s) dict_keys(['postgres_to_csv_dag']) retrieved from /opt/airflow/dags/postgres_to_csv_dag.py
[2024-09-09T16:56:49.197+0000] {logging_mixin.py:151} INFO - [2024-09-09T16:56:49.197+0000] {dag.py:2907} INFO - Sync 1 DAGs
[2024-09-09T16:56:49.220+0000] {logging_mixin.py:151} INFO - [2024-09-09T16:56:49.220+0000] {dag.py:3677} INFO - Setting next_dagrun for postgres_to_csv_dag to 2024-09-09T00:00:00+00:00, run_after=2024-09-10T00:00:00+00:00
[2024-09-09T16:56:49.235+0000] {processor.py:179} INFO - Processing /opt/airflow/dags/postgres_to_csv_dag.py took 0.893 seconds
[2024-09-09T16:57:20.232+0000] {processor.py:157} INFO - Started process (PID=251) to work on /opt/airflow/dags/postgres_to_csv_dag.py
[2024-09-09T16:57:20.235+0000] {processor.py:829} INFO - Processing file /opt/airflow/dags/postgres_to_csv_dag.py for tasks to queue
[2024-09-09T16:57:20.237+0000] {logging_mixin.py:151} INFO - [2024-09-09T16:57:20.236+0000] {dagbag.py:539} INFO - Filling up the DagBag from /opt/airflow/dags/postgres_to_csv_dag.py
[2024-09-09T16:57:20.660+0000] {processor.py:839} INFO - DAG(s) dict_keys(['postgres_to_csv_dag']) retrieved from /opt/airflow/dags/postgres_to_csv_dag.py
[2024-09-09T16:57:20.739+0000] {logging_mixin.py:151} INFO - [2024-09-09T16:57:20.738+0000] {dag.py:2907} INFO - Sync 1 DAGs
[2024-09-09T16:57:20.772+0000] {logging_mixin.py:151} INFO - [2024-09-09T16:57:20.772+0000] {dag.py:3677} INFO - Setting next_dagrun for postgres_to_csv_dag to 2024-09-09T00:00:00+00:00, run_after=2024-09-10T00:00:00+00:00
[2024-09-09T16:57:20.792+0000] {processor.py:179} INFO - Processing /opt/airflow/dags/postgres_to_csv_dag.py took 0.566 seconds
[2024-09-09T16:57:51.319+0000] {processor.py:157} INFO - Started process (PID=257) to work on /opt/airflow/dags/postgres_to_csv_dag.py
[2024-09-09T16:57:51.322+0000] {processor.py:829} INFO - Processing file /opt/airflow/dags/postgres_to_csv_dag.py for tasks to queue
[2024-09-09T16:57:51.324+0000] {logging_mixin.py:151} INFO - [2024-09-09T16:57:51.323+0000] {dagbag.py:539} INFO - Filling up the DagBag from /opt/airflow/dags/postgres_to_csv_dag.py
[2024-09-09T16:57:51.844+0000] {processor.py:839} INFO - DAG(s) dict_keys(['postgres_to_csv_dag']) retrieved from /opt/airflow/dags/postgres_to_csv_dag.py
[2024-09-09T16:57:51.915+0000] {logging_mixin.py:151} INFO - [2024-09-09T16:57:51.915+0000] {dag.py:2907} INFO - Sync 1 DAGs
[2024-09-09T16:57:51.943+0000] {logging_mixin.py:151} INFO - [2024-09-09T16:57:51.942+0000] {dag.py:3677} INFO - Setting next_dagrun for postgres_to_csv_dag to 2024-09-09T00:00:00+00:00, run_after=2024-09-10T00:00:00+00:00
[2024-09-09T16:57:51.967+0000] {processor.py:179} INFO - Processing /opt/airflow/dags/postgres_to_csv_dag.py took 0.658 seconds
[2024-09-09T16:58:22.507+0000] {processor.py:157} INFO - Started process (PID=263) to work on /opt/airflow/dags/postgres_to_csv_dag.py
[2024-09-09T16:58:22.510+0000] {processor.py:829} INFO - Processing file /opt/airflow/dags/postgres_to_csv_dag.py for tasks to queue
[2024-09-09T16:58:22.512+0000] {logging_mixin.py:151} INFO - [2024-09-09T16:58:22.511+0000] {dagbag.py:539} INFO - Filling up the DagBag from /opt/airflow/dags/postgres_to_csv_dag.py
[2024-09-09T16:58:22.982+0000] {processor.py:839} INFO - DAG(s) dict_keys(['postgres_to_csv_dag']) retrieved from /opt/airflow/dags/postgres_to_csv_dag.py
[2024-09-09T16:58:23.025+0000] {logging_mixin.py:151} INFO - [2024-09-09T16:58:23.025+0000] {dag.py:2907} INFO - Sync 1 DAGs
[2024-09-09T16:58:23.072+0000] {logging_mixin.py:151} INFO - [2024-09-09T16:58:23.072+0000] {dag.py:3677} INFO - Setting next_dagrun for postgres_to_csv_dag to 2024-09-09T00:00:00+00:00, run_after=2024-09-10T00:00:00+00:00
[2024-09-09T16:58:23.090+0000] {processor.py:179} INFO - Processing /opt/airflow/dags/postgres_to_csv_dag.py took 0.593 seconds
[2024-09-09T16:58:53.334+0000] {processor.py:157} INFO - Started process (PID=269) to work on /opt/airflow/dags/postgres_to_csv_dag.py
[2024-09-09T16:58:53.337+0000] {processor.py:829} INFO - Processing file /opt/airflow/dags/postgres_to_csv_dag.py for tasks to queue
[2024-09-09T16:58:53.340+0000] {logging_mixin.py:151} INFO - [2024-09-09T16:58:53.339+0000] {dagbag.py:539} INFO - Filling up the DagBag from /opt/airflow/dags/postgres_to_csv_dag.py
[2024-09-09T16:58:53.764+0000] {processor.py:839} INFO - DAG(s) dict_keys(['postgres_to_csv_dag']) retrieved from /opt/airflow/dags/postgres_to_csv_dag.py
[2024-09-09T16:58:53.805+0000] {logging_mixin.py:151} INFO - [2024-09-09T16:58:53.805+0000] {dag.py:2907} INFO - Sync 1 DAGs
[2024-09-09T16:58:53.830+0000] {logging_mixin.py:151} INFO - [2024-09-09T16:58:53.830+0000] {dag.py:3677} INFO - Setting next_dagrun for postgres_to_csv_dag to 2024-09-09T00:00:00+00:00, run_after=2024-09-10T00:00:00+00:00
[2024-09-09T16:58:53.846+0000] {processor.py:179} INFO - Processing /opt/airflow/dags/postgres_to_csv_dag.py took 0.521 seconds
[2024-09-09T17:00:15.866+0000] {processor.py:157} INFO - Started process (PID=163) to work on /opt/airflow/dags/postgres_to_csv_dag.py
[2024-09-09T17:00:15.871+0000] {processor.py:829} INFO - Processing file /opt/airflow/dags/postgres_to_csv_dag.py for tasks to queue
[2024-09-09T17:00:15.877+0000] {logging_mixin.py:151} INFO - [2024-09-09T17:00:15.876+0000] {dagbag.py:539} INFO - Filling up the DagBag from /opt/airflow/dags/postgres_to_csv_dag.py
[2024-09-09T17:00:18.198+0000] {processor.py:839} INFO - DAG(s) dict_keys(['postgres_to_csv_dag']) retrieved from /opt/airflow/dags/postgres_to_csv_dag.py
[2024-09-09T17:00:18.689+0000] {logging_mixin.py:151} INFO - [2024-09-09T17:00:18.685+0000] {dag.py:2907} INFO - Sync 1 DAGs
[2024-09-09T17:00:18.986+0000] {logging_mixin.py:151} INFO - [2024-09-09T17:00:18.983+0000] {dag.py:3677} INFO - Setting next_dagrun for postgres_to_csv_dag to 2024-09-09T00:00:00+00:00, run_after=2024-09-10T00:00:00+00:00
[2024-09-09T17:00:19.077+0000] {processor.py:179} INFO - Processing /opt/airflow/dags/postgres_to_csv_dag.py took 3.224 seconds
[2024-09-09T17:00:49.768+0000] {processor.py:157} INFO - Started process (PID=170) to work on /opt/airflow/dags/postgres_to_csv_dag.py
[2024-09-09T17:00:49.772+0000] {processor.py:829} INFO - Processing file /opt/airflow/dags/postgres_to_csv_dag.py for tasks to queue
[2024-09-09T17:00:49.776+0000] {logging_mixin.py:151} INFO - [2024-09-09T17:00:49.775+0000] {dagbag.py:539} INFO - Filling up the DagBag from /opt/airflow/dags/postgres_to_csv_dag.py
[2024-09-09T17:00:50.660+0000] {processor.py:839} INFO - DAG(s) dict_keys(['postgres_to_csv_dag']) retrieved from /opt/airflow/dags/postgres_to_csv_dag.py
[2024-09-09T17:00:50.697+0000] {logging_mixin.py:151} INFO - [2024-09-09T17:00:50.696+0000] {dag.py:2907} INFO - Sync 1 DAGs
[2024-09-09T17:00:50.716+0000] {logging_mixin.py:151} INFO - [2024-09-09T17:00:50.716+0000] {dag.py:3677} INFO - Setting next_dagrun for postgres_to_csv_dag to 2024-09-09T00:00:00+00:00, run_after=2024-09-10T00:00:00+00:00
[2024-09-09T17:00:50.730+0000] {processor.py:179} INFO - Processing /opt/airflow/dags/postgres_to_csv_dag.py took 0.971 seconds
[2024-09-09T17:01:21.218+0000] {processor.py:157} INFO - Started process (PID=179) to work on /opt/airflow/dags/postgres_to_csv_dag.py
[2024-09-09T17:01:21.221+0000] {processor.py:829} INFO - Processing file /opt/airflow/dags/postgres_to_csv_dag.py for tasks to queue
[2024-09-09T17:01:21.223+0000] {logging_mixin.py:151} INFO - [2024-09-09T17:01:21.222+0000] {dagbag.py:539} INFO - Filling up the DagBag from /opt/airflow/dags/postgres_to_csv_dag.py
[2024-09-09T17:01:21.954+0000] {processor.py:839} INFO - DAG(s) dict_keys(['postgres_to_csv_dag']) retrieved from /opt/airflow/dags/postgres_to_csv_dag.py
[2024-09-09T17:01:21.996+0000] {logging_mixin.py:151} INFO - [2024-09-09T17:01:21.995+0000] {dag.py:2907} INFO - Sync 1 DAGs
[2024-09-09T17:01:22.016+0000] {logging_mixin.py:151} INFO - [2024-09-09T17:01:22.016+0000] {dag.py:3677} INFO - Setting next_dagrun for postgres_to_csv_dag to 2024-09-09T00:00:00+00:00, run_after=2024-09-10T00:00:00+00:00
[2024-09-09T17:01:22.030+0000] {processor.py:179} INFO - Processing /opt/airflow/dags/postgres_to_csv_dag.py took 0.821 seconds
[2024-09-09T17:01:52.523+0000] {processor.py:157} INFO - Started process (PID=185) to work on /opt/airflow/dags/postgres_to_csv_dag.py
[2024-09-09T17:01:52.526+0000] {processor.py:829} INFO - Processing file /opt/airflow/dags/postgres_to_csv_dag.py for tasks to queue
[2024-09-09T17:01:52.528+0000] {logging_mixin.py:151} INFO - [2024-09-09T17:01:52.527+0000] {dagbag.py:539} INFO - Filling up the DagBag from /opt/airflow/dags/postgres_to_csv_dag.py
[2024-09-09T17:01:53.228+0000] {processor.py:839} INFO - DAG(s) dict_keys(['postgres_to_csv_dag']) retrieved from /opt/airflow/dags/postgres_to_csv_dag.py
[2024-09-09T17:01:53.269+0000] {logging_mixin.py:151} INFO - [2024-09-09T17:01:53.268+0000] {dag.py:2907} INFO - Sync 1 DAGs
[2024-09-09T17:01:53.290+0000] {logging_mixin.py:151} INFO - [2024-09-09T17:01:53.290+0000] {dag.py:3677} INFO - Setting next_dagrun for postgres_to_csv_dag to 2024-09-09T00:00:00+00:00, run_after=2024-09-10T00:00:00+00:00
[2024-09-09T17:01:53.305+0000] {processor.py:179} INFO - Processing /opt/airflow/dags/postgres_to_csv_dag.py took 0.789 seconds
[2024-09-09T17:02:24.127+0000] {processor.py:157} INFO - Started process (PID=191) to work on /opt/airflow/dags/postgres_to_csv_dag.py
[2024-09-09T17:02:24.132+0000] {processor.py:829} INFO - Processing file /opt/airflow/dags/postgres_to_csv_dag.py for tasks to queue
[2024-09-09T17:02:24.138+0000] {logging_mixin.py:151} INFO - [2024-09-09T17:02:24.135+0000] {dagbag.py:539} INFO - Filling up the DagBag from /opt/airflow/dags/postgres_to_csv_dag.py
[2024-09-09T17:02:24.988+0000] {processor.py:839} INFO - DAG(s) dict_keys(['postgres_to_csv_dag']) retrieved from /opt/airflow/dags/postgres_to_csv_dag.py
[2024-09-09T17:02:25.049+0000] {logging_mixin.py:151} INFO - [2024-09-09T17:02:25.049+0000] {dag.py:2907} INFO - Sync 1 DAGs
[2024-09-09T17:02:25.070+0000] {logging_mixin.py:151} INFO - [2024-09-09T17:02:25.070+0000] {dag.py:3677} INFO - Setting next_dagrun for postgres_to_csv_dag to 2024-09-09T00:00:00+00:00, run_after=2024-09-10T00:00:00+00:00
[2024-09-09T17:02:25.086+0000] {processor.py:179} INFO - Processing /opt/airflow/dags/postgres_to_csv_dag.py took 0.973 seconds
[2024-09-09T17:02:55.771+0000] {processor.py:157} INFO - Started process (PID=197) to work on /opt/airflow/dags/postgres_to_csv_dag.py
[2024-09-09T17:02:55.780+0000] {processor.py:829} INFO - Processing file /opt/airflow/dags/postgres_to_csv_dag.py for tasks to queue
[2024-09-09T17:02:55.782+0000] {logging_mixin.py:151} INFO - [2024-09-09T17:02:55.782+0000] {dagbag.py:539} INFO - Filling up the DagBag from /opt/airflow/dags/postgres_to_csv_dag.py
[2024-09-09T17:02:56.607+0000] {processor.py:839} INFO - DAG(s) dict_keys(['postgres_to_csv_dag']) retrieved from /opt/airflow/dags/postgres_to_csv_dag.py
[2024-09-09T17:02:56.651+0000] {logging_mixin.py:151} INFO - [2024-09-09T17:02:56.651+0000] {dag.py:2907} INFO - Sync 1 DAGs
[2024-09-09T17:02:56.671+0000] {logging_mixin.py:151} INFO - [2024-09-09T17:02:56.671+0000] {dag.py:3677} INFO - Setting next_dagrun for postgres_to_csv_dag to 2024-09-09T00:00:00+00:00, run_after=2024-09-10T00:00:00+00:00
[2024-09-09T17:02:56.686+0000] {processor.py:179} INFO - Processing /opt/airflow/dags/postgres_to_csv_dag.py took 0.928 seconds
[2024-09-09T17:03:27.298+0000] {processor.py:157} INFO - Started process (PID=203) to work on /opt/airflow/dags/postgres_to_csv_dag.py
[2024-09-09T17:03:27.301+0000] {processor.py:829} INFO - Processing file /opt/airflow/dags/postgres_to_csv_dag.py for tasks to queue
[2024-09-09T17:03:27.303+0000] {logging_mixin.py:151} INFO - [2024-09-09T17:03:27.302+0000] {dagbag.py:539} INFO - Filling up the DagBag from /opt/airflow/dags/postgres_to_csv_dag.py
[2024-09-09T17:03:28.028+0000] {processor.py:839} INFO - DAG(s) dict_keys(['postgres_to_csv_dag']) retrieved from /opt/airflow/dags/postgres_to_csv_dag.py
[2024-09-09T17:03:28.086+0000] {logging_mixin.py:151} INFO - [2024-09-09T17:03:28.085+0000] {dag.py:2907} INFO - Sync 1 DAGs
[2024-09-09T17:03:28.124+0000] {logging_mixin.py:151} INFO - [2024-09-09T17:03:28.124+0000] {dag.py:3677} INFO - Setting next_dagrun for postgres_to_csv_dag to 2024-09-09T00:00:00+00:00, run_after=2024-09-10T00:00:00+00:00
[2024-09-09T17:03:28.146+0000] {processor.py:179} INFO - Processing /opt/airflow/dags/postgres_to_csv_dag.py took 0.855 seconds
[2024-09-09T17:03:58.763+0000] {processor.py:157} INFO - Started process (PID=209) to work on /opt/airflow/dags/postgres_to_csv_dag.py
[2024-09-09T17:03:58.768+0000] {processor.py:829} INFO - Processing file /opt/airflow/dags/postgres_to_csv_dag.py for tasks to queue
[2024-09-09T17:03:58.770+0000] {logging_mixin.py:151} INFO - [2024-09-09T17:03:58.769+0000] {dagbag.py:539} INFO - Filling up the DagBag from /opt/airflow/dags/postgres_to_csv_dag.py
[2024-09-09T17:03:59.570+0000] {processor.py:839} INFO - DAG(s) dict_keys(['postgres_to_csv_dag']) retrieved from /opt/airflow/dags/postgres_to_csv_dag.py
[2024-09-09T17:03:59.616+0000] {logging_mixin.py:151} INFO - [2024-09-09T17:03:59.616+0000] {dag.py:2907} INFO - Sync 1 DAGs
[2024-09-09T17:03:59.647+0000] {logging_mixin.py:151} INFO - [2024-09-09T17:03:59.646+0000] {dag.py:3677} INFO - Setting next_dagrun for postgres_to_csv_dag to 2024-09-09T00:00:00+00:00, run_after=2024-09-10T00:00:00+00:00
[2024-09-09T17:03:59.669+0000] {processor.py:179} INFO - Processing /opt/airflow/dags/postgres_to_csv_dag.py took 0.915 seconds
[2024-09-09T17:04:30.402+0000] {processor.py:157} INFO - Started process (PID=215) to work on /opt/airflow/dags/postgres_to_csv_dag.py
[2024-09-09T17:04:30.405+0000] {processor.py:829} INFO - Processing file /opt/airflow/dags/postgres_to_csv_dag.py for tasks to queue
[2024-09-09T17:04:30.408+0000] {logging_mixin.py:151} INFO - [2024-09-09T17:04:30.407+0000] {dagbag.py:539} INFO - Filling up the DagBag from /opt/airflow/dags/postgres_to_csv_dag.py
[2024-09-09T17:04:31.157+0000] {processor.py:839} INFO - DAG(s) dict_keys(['postgres_to_csv_dag']) retrieved from /opt/airflow/dags/postgres_to_csv_dag.py
[2024-09-09T17:04:31.214+0000] {logging_mixin.py:151} INFO - [2024-09-09T17:04:31.214+0000] {dag.py:2907} INFO - Sync 1 DAGs
[2024-09-09T17:04:31.236+0000] {logging_mixin.py:151} INFO - [2024-09-09T17:04:31.236+0000] {dag.py:3677} INFO - Setting next_dagrun for postgres_to_csv_dag to 2024-09-09T00:00:00+00:00, run_after=2024-09-10T00:00:00+00:00
[2024-09-09T17:04:31.250+0000] {processor.py:179} INFO - Processing /opt/airflow/dags/postgres_to_csv_dag.py took 0.856 seconds
[2024-09-09T17:04:58.781+0000] {processor.py:157} INFO - Started process (PID=221) to work on /opt/airflow/dags/postgres_to_csv_dag.py
[2024-09-09T17:04:58.785+0000] {processor.py:829} INFO - Processing file /opt/airflow/dags/postgres_to_csv_dag.py for tasks to queue
[2024-09-09T17:04:58.787+0000] {logging_mixin.py:151} INFO - [2024-09-09T17:04:58.786+0000] {dagbag.py:539} INFO - Filling up the DagBag from /opt/airflow/dags/postgres_to_csv_dag.py
[2024-09-09T17:04:59.594+0000] {processor.py:839} INFO - DAG(s) dict_keys(['postgres_to_csv_dag']) retrieved from /opt/airflow/dags/postgres_to_csv_dag.py
[2024-09-09T17:04:59.640+0000] {logging_mixin.py:151} INFO - [2024-09-09T17:04:59.640+0000] {dag.py:2907} INFO - Sync 1 DAGs
[2024-09-09T17:04:59.661+0000] {logging_mixin.py:151} INFO - [2024-09-09T17:04:59.661+0000] {dag.py:3677} INFO - Setting next_dagrun for postgres_to_csv_dag to 2024-09-09T00:00:00+00:00, run_after=2024-09-10T00:00:00+00:00
[2024-09-09T17:04:59.679+0000] {processor.py:179} INFO - Processing /opt/airflow/dags/postgres_to_csv_dag.py took 0.906 seconds
[2024-09-09T17:05:30.260+0000] {processor.py:157} INFO - Started process (PID=227) to work on /opt/airflow/dags/postgres_to_csv_dag.py
[2024-09-09T17:05:30.264+0000] {processor.py:829} INFO - Processing file /opt/airflow/dags/postgres_to_csv_dag.py for tasks to queue
[2024-09-09T17:05:30.267+0000] {logging_mixin.py:151} INFO - [2024-09-09T17:05:30.266+0000] {dagbag.py:539} INFO - Filling up the DagBag from /opt/airflow/dags/postgres_to_csv_dag.py
[2024-09-09T17:05:30.977+0000] {processor.py:839} INFO - DAG(s) dict_keys(['postgres_to_csv_dag']) retrieved from /opt/airflow/dags/postgres_to_csv_dag.py
[2024-09-09T17:05:31.016+0000] {logging_mixin.py:151} INFO - [2024-09-09T17:05:31.015+0000] {dag.py:2907} INFO - Sync 1 DAGs
[2024-09-09T17:05:31.035+0000] {logging_mixin.py:151} INFO - [2024-09-09T17:05:31.035+0000] {dag.py:3677} INFO - Setting next_dagrun for postgres_to_csv_dag to 2024-09-09T00:00:00+00:00, run_after=2024-09-10T00:00:00+00:00
[2024-09-09T17:05:31.050+0000] {processor.py:179} INFO - Processing /opt/airflow/dags/postgres_to_csv_dag.py took 0.801 seconds
[2024-09-09T17:06:01.555+0000] {processor.py:157} INFO - Started process (PID=236) to work on /opt/airflow/dags/postgres_to_csv_dag.py
[2024-09-09T17:06:01.559+0000] {processor.py:829} INFO - Processing file /opt/airflow/dags/postgres_to_csv_dag.py for tasks to queue
[2024-09-09T17:06:01.562+0000] {logging_mixin.py:151} INFO - [2024-09-09T17:06:01.561+0000] {dagbag.py:539} INFO - Filling up the DagBag from /opt/airflow/dags/postgres_to_csv_dag.py
[2024-09-09T17:06:02.260+0000] {processor.py:839} INFO - DAG(s) dict_keys(['postgres_to_csv_dag']) retrieved from /opt/airflow/dags/postgres_to_csv_dag.py
[2024-09-09T17:06:02.324+0000] {logging_mixin.py:151} INFO - [2024-09-09T17:06:02.320+0000] {dag.py:2907} INFO - Sync 1 DAGs
[2024-09-09T17:06:02.365+0000] {logging_mixin.py:151} INFO - [2024-09-09T17:06:02.364+0000] {dag.py:3677} INFO - Setting next_dagrun for postgres_to_csv_dag to 2024-09-09T00:00:00+00:00, run_after=2024-09-10T00:00:00+00:00
[2024-09-09T17:06:02.398+0000] {processor.py:179} INFO - Processing /opt/airflow/dags/postgres_to_csv_dag.py took 0.869 seconds
[2024-09-09T17:06:32.937+0000] {processor.py:157} INFO - Started process (PID=242) to work on /opt/airflow/dags/postgres_to_csv_dag.py
[2024-09-09T17:06:32.941+0000] {processor.py:829} INFO - Processing file /opt/airflow/dags/postgres_to_csv_dag.py for tasks to queue
[2024-09-09T17:06:32.944+0000] {logging_mixin.py:151} INFO - [2024-09-09T17:06:32.943+0000] {dagbag.py:539} INFO - Filling up the DagBag from /opt/airflow/dags/postgres_to_csv_dag.py
[2024-09-09T17:06:33.705+0000] {processor.py:839} INFO - DAG(s) dict_keys(['postgres_to_csv_dag']) retrieved from /opt/airflow/dags/postgres_to_csv_dag.py
[2024-09-09T17:06:33.766+0000] {logging_mixin.py:151} INFO - [2024-09-09T17:06:33.765+0000] {dag.py:2907} INFO - Sync 1 DAGs
[2024-09-09T17:06:33.795+0000] {logging_mixin.py:151} INFO - [2024-09-09T17:06:33.795+0000] {dag.py:3677} INFO - Setting next_dagrun for postgres_to_csv_dag to 2024-09-09T00:00:00+00:00, run_after=2024-09-10T00:00:00+00:00
[2024-09-09T17:06:33.811+0000] {processor.py:179} INFO - Processing /opt/airflow/dags/postgres_to_csv_dag.py took 0.885 seconds
[2024-09-09T17:07:04.424+0000] {processor.py:157} INFO - Started process (PID=248) to work on /opt/airflow/dags/postgres_to_csv_dag.py
[2024-09-09T17:07:04.426+0000] {processor.py:829} INFO - Processing file /opt/airflow/dags/postgres_to_csv_dag.py for tasks to queue
[2024-09-09T17:07:04.429+0000] {logging_mixin.py:151} INFO - [2024-09-09T17:07:04.428+0000] {dagbag.py:539} INFO - Filling up the DagBag from /opt/airflow/dags/postgres_to_csv_dag.py
[2024-09-09T17:07:04.874+0000] {processor.py:839} INFO - DAG(s) dict_keys(['postgres_to_csv_dag']) retrieved from /opt/airflow/dags/postgres_to_csv_dag.py
[2024-09-09T17:07:04.944+0000] {logging_mixin.py:151} INFO - [2024-09-09T17:07:04.943+0000] {dag.py:2907} INFO - Sync 1 DAGs
[2024-09-09T17:07:04.972+0000] {logging_mixin.py:151} INFO - [2024-09-09T17:07:04.972+0000] {dag.py:3677} INFO - Setting next_dagrun for postgres_to_csv_dag to 2024-09-09T00:00:00+00:00, run_after=2024-09-10T00:00:00+00:00
[2024-09-09T17:07:04.989+0000] {processor.py:179} INFO - Processing /opt/airflow/dags/postgres_to_csv_dag.py took 0.572 seconds
[2024-09-09T17:07:35.366+0000] {processor.py:157} INFO - Started process (PID=254) to work on /opt/airflow/dags/postgres_to_csv_dag.py
[2024-09-09T17:07:35.369+0000] {processor.py:829} INFO - Processing file /opt/airflow/dags/postgres_to_csv_dag.py for tasks to queue
[2024-09-09T17:07:35.371+0000] {logging_mixin.py:151} INFO - [2024-09-09T17:07:35.370+0000] {dagbag.py:539} INFO - Filling up the DagBag from /opt/airflow/dags/postgres_to_csv_dag.py
[2024-09-09T17:07:35.868+0000] {processor.py:839} INFO - DAG(s) dict_keys(['postgres_to_csv_dag']) retrieved from /opt/airflow/dags/postgres_to_csv_dag.py
[2024-09-09T17:07:35.919+0000] {logging_mixin.py:151} INFO - [2024-09-09T17:07:35.918+0000] {dag.py:2907} INFO - Sync 1 DAGs
[2024-09-09T17:07:35.952+0000] {logging_mixin.py:151} INFO - [2024-09-09T17:07:35.952+0000] {dag.py:3677} INFO - Setting next_dagrun for postgres_to_csv_dag to 2024-09-09T00:00:00+00:00, run_after=2024-09-10T00:00:00+00:00
[2024-09-09T17:07:35.970+0000] {processor.py:179} INFO - Processing /opt/airflow/dags/postgres_to_csv_dag.py took 0.613 seconds
[2024-09-09T17:08:06.509+0000] {processor.py:157} INFO - Started process (PID=260) to work on /opt/airflow/dags/postgres_to_csv_dag.py
[2024-09-09T17:08:06.515+0000] {processor.py:829} INFO - Processing file /opt/airflow/dags/postgres_to_csv_dag.py for tasks to queue
[2024-09-09T17:08:06.517+0000] {logging_mixin.py:151} INFO - [2024-09-09T17:08:06.516+0000] {dagbag.py:539} INFO - Filling up the DagBag from /opt/airflow/dags/postgres_to_csv_dag.py
[2024-09-09T17:08:06.934+0000] {processor.py:839} INFO - DAG(s) dict_keys(['postgres_to_csv_dag']) retrieved from /opt/airflow/dags/postgres_to_csv_dag.py
[2024-09-09T17:08:06.976+0000] {logging_mixin.py:151} INFO - [2024-09-09T17:08:06.975+0000] {dag.py:2907} INFO - Sync 1 DAGs
[2024-09-09T17:08:07.001+0000] {logging_mixin.py:151} INFO - [2024-09-09T17:08:07.000+0000] {dag.py:3677} INFO - Setting next_dagrun for postgres_to_csv_dag to 2024-09-09T00:00:00+00:00, run_after=2024-09-10T00:00:00+00:00
[2024-09-09T17:08:07.016+0000] {processor.py:179} INFO - Processing /opt/airflow/dags/postgres_to_csv_dag.py took 0.532 seconds
[2024-09-09T17:08:37.312+0000] {processor.py:157} INFO - Started process (PID=266) to work on /opt/airflow/dags/postgres_to_csv_dag.py
[2024-09-09T17:08:37.316+0000] {processor.py:829} INFO - Processing file /opt/airflow/dags/postgres_to_csv_dag.py for tasks to queue
[2024-09-09T17:08:37.318+0000] {logging_mixin.py:151} INFO - [2024-09-09T17:08:37.317+0000] {dagbag.py:539} INFO - Filling up the DagBag from /opt/airflow/dags/postgres_to_csv_dag.py
[2024-09-09T17:08:37.791+0000] {processor.py:839} INFO - DAG(s) dict_keys(['postgres_to_csv_dag']) retrieved from /opt/airflow/dags/postgres_to_csv_dag.py
[2024-09-09T17:08:37.840+0000] {logging_mixin.py:151} INFO - [2024-09-09T17:08:37.839+0000] {dag.py:2907} INFO - Sync 1 DAGs
[2024-09-09T17:08:37.866+0000] {logging_mixin.py:151} INFO - [2024-09-09T17:08:37.866+0000] {dag.py:3677} INFO - Setting next_dagrun for postgres_to_csv_dag to 2024-09-09T00:00:00+00:00, run_after=2024-09-10T00:00:00+00:00
[2024-09-09T17:08:37.882+0000] {processor.py:179} INFO - Processing /opt/airflow/dags/postgres_to_csv_dag.py took 0.578 seconds
[2024-09-09T17:09:08.402+0000] {processor.py:157} INFO - Started process (PID=272) to work on /opt/airflow/dags/postgres_to_csv_dag.py
[2024-09-09T17:09:08.413+0000] {processor.py:829} INFO - Processing file /opt/airflow/dags/postgres_to_csv_dag.py for tasks to queue
[2024-09-09T17:09:08.415+0000] {logging_mixin.py:151} INFO - [2024-09-09T17:09:08.414+0000] {dagbag.py:539} INFO - Filling up the DagBag from /opt/airflow/dags/postgres_to_csv_dag.py
[2024-09-09T17:09:08.853+0000] {processor.py:839} INFO - DAG(s) dict_keys(['postgres_to_csv_dag']) retrieved from /opt/airflow/dags/postgres_to_csv_dag.py
[2024-09-09T17:09:08.901+0000] {logging_mixin.py:151} INFO - [2024-09-09T17:09:08.900+0000] {dag.py:2907} INFO - Sync 1 DAGs
[2024-09-09T17:09:08.956+0000] {logging_mixin.py:151} INFO - [2024-09-09T17:09:08.956+0000] {dag.py:3677} INFO - Setting next_dagrun for postgres_to_csv_dag to 2024-09-09T00:00:00+00:00, run_after=2024-09-10T00:00:00+00:00
[2024-09-09T17:09:08.975+0000] {processor.py:179} INFO - Processing /opt/airflow/dags/postgres_to_csv_dag.py took 0.592 seconds
[2024-09-09T17:09:39.487+0000] {processor.py:157} INFO - Started process (PID=278) to work on /opt/airflow/dags/postgres_to_csv_dag.py
[2024-09-09T17:09:39.490+0000] {processor.py:829} INFO - Processing file /opt/airflow/dags/postgres_to_csv_dag.py for tasks to queue
[2024-09-09T17:09:39.492+0000] {logging_mixin.py:151} INFO - [2024-09-09T17:09:39.491+0000] {dagbag.py:539} INFO - Filling up the DagBag from /opt/airflow/dags/postgres_to_csv_dag.py
[2024-09-09T17:09:40.024+0000] {processor.py:839} INFO - DAG(s) dict_keys(['postgres_to_csv_dag']) retrieved from /opt/airflow/dags/postgres_to_csv_dag.py
[2024-09-09T17:09:40.079+0000] {logging_mixin.py:151} INFO - [2024-09-09T17:09:40.079+0000] {dag.py:2907} INFO - Sync 1 DAGs
[2024-09-09T17:09:40.108+0000] {logging_mixin.py:151} INFO - [2024-09-09T17:09:40.107+0000] {dag.py:3677} INFO - Setting next_dagrun for postgres_to_csv_dag to 2024-09-09T00:00:00+00:00, run_after=2024-09-10T00:00:00+00:00
[2024-09-09T17:09:40.124+0000] {processor.py:179} INFO - Processing /opt/airflow/dags/postgres_to_csv_dag.py took 0.645 seconds
[2024-09-09T17:10:10.662+0000] {processor.py:157} INFO - Started process (PID=284) to work on /opt/airflow/dags/postgres_to_csv_dag.py
[2024-09-09T17:10:10.668+0000] {processor.py:829} INFO - Processing file /opt/airflow/dags/postgres_to_csv_dag.py for tasks to queue
[2024-09-09T17:10:10.671+0000] {logging_mixin.py:151} INFO - [2024-09-09T17:10:10.670+0000] {dagbag.py:539} INFO - Filling up the DagBag from /opt/airflow/dags/postgres_to_csv_dag.py
[2024-09-09T17:10:11.128+0000] {processor.py:839} INFO - DAG(s) dict_keys(['postgres_to_csv_dag']) retrieved from /opt/airflow/dags/postgres_to_csv_dag.py
[2024-09-09T17:10:11.181+0000] {logging_mixin.py:151} INFO - [2024-09-09T17:10:11.181+0000] {dag.py:2907} INFO - Sync 1 DAGs
[2024-09-09T17:10:11.210+0000] {logging_mixin.py:151} INFO - [2024-09-09T17:10:11.210+0000] {dag.py:3677} INFO - Setting next_dagrun for postgres_to_csv_dag to 2024-09-09T00:00:00+00:00, run_after=2024-09-10T00:00:00+00:00
[2024-09-09T17:10:11.243+0000] {processor.py:179} INFO - Processing /opt/airflow/dags/postgres_to_csv_dag.py took 0.591 seconds
[2024-09-09T17:10:41.815+0000] {processor.py:157} INFO - Started process (PID=290) to work on /opt/airflow/dags/postgres_to_csv_dag.py
[2024-09-09T17:10:41.821+0000] {processor.py:829} INFO - Processing file /opt/airflow/dags/postgres_to_csv_dag.py for tasks to queue
[2024-09-09T17:10:41.824+0000] {logging_mixin.py:151} INFO - [2024-09-09T17:10:41.822+0000] {dagbag.py:539} INFO - Filling up the DagBag from /opt/airflow/dags/postgres_to_csv_dag.py
[2024-09-09T17:10:42.260+0000] {processor.py:839} INFO - DAG(s) dict_keys(['postgres_to_csv_dag']) retrieved from /opt/airflow/dags/postgres_to_csv_dag.py
[2024-09-09T17:10:42.322+0000] {logging_mixin.py:151} INFO - [2024-09-09T17:10:42.322+0000] {dag.py:2907} INFO - Sync 1 DAGs
[2024-09-09T17:10:42.367+0000] {logging_mixin.py:151} INFO - [2024-09-09T17:10:42.366+0000] {dag.py:3677} INFO - Setting next_dagrun for postgres_to_csv_dag to 2024-09-09T00:00:00+00:00, run_after=2024-09-10T00:00:00+00:00
[2024-09-09T17:10:42.383+0000] {processor.py:179} INFO - Processing /opt/airflow/dags/postgres_to_csv_dag.py took 0.580 seconds
[2024-09-09T17:11:12.649+0000] {processor.py:157} INFO - Started process (PID=296) to work on /opt/airflow/dags/postgres_to_csv_dag.py
[2024-09-09T17:11:12.654+0000] {processor.py:829} INFO - Processing file /opt/airflow/dags/postgres_to_csv_dag.py for tasks to queue
[2024-09-09T17:11:12.657+0000] {logging_mixin.py:151} INFO - [2024-09-09T17:11:12.656+0000] {dagbag.py:539} INFO - Filling up the DagBag from /opt/airflow/dags/postgres_to_csv_dag.py
[2024-09-09T17:11:13.162+0000] {processor.py:839} INFO - DAG(s) dict_keys(['postgres_to_csv_dag']) retrieved from /opt/airflow/dags/postgres_to_csv_dag.py
[2024-09-09T17:11:13.226+0000] {logging_mixin.py:151} INFO - [2024-09-09T17:11:13.225+0000] {dag.py:2907} INFO - Sync 1 DAGs
[2024-09-09T17:11:13.256+0000] {logging_mixin.py:151} INFO - [2024-09-09T17:11:13.256+0000] {dag.py:3677} INFO - Setting next_dagrun for postgres_to_csv_dag to 2024-09-09T00:00:00+00:00, run_after=2024-09-10T00:00:00+00:00
[2024-09-09T17:11:13.273+0000] {processor.py:179} INFO - Processing /opt/airflow/dags/postgres_to_csv_dag.py took 0.635 seconds
[2024-09-09T17:11:43.813+0000] {processor.py:157} INFO - Started process (PID=302) to work on /opt/airflow/dags/postgres_to_csv_dag.py
[2024-09-09T17:11:43.821+0000] {processor.py:829} INFO - Processing file /opt/airflow/dags/postgres_to_csv_dag.py for tasks to queue
[2024-09-09T17:11:43.824+0000] {logging_mixin.py:151} INFO - [2024-09-09T17:11:43.823+0000] {dagbag.py:539} INFO - Filling up the DagBag from /opt/airflow/dags/postgres_to_csv_dag.py
[2024-09-09T17:11:44.291+0000] {processor.py:839} INFO - DAG(s) dict_keys(['postgres_to_csv_dag']) retrieved from /opt/airflow/dags/postgres_to_csv_dag.py
[2024-09-09T17:11:44.340+0000] {logging_mixin.py:151} INFO - [2024-09-09T17:11:44.339+0000] {dag.py:2907} INFO - Sync 1 DAGs
[2024-09-09T17:11:44.381+0000] {logging_mixin.py:151} INFO - [2024-09-09T17:11:44.380+0000] {dag.py:3677} INFO - Setting next_dagrun for postgres_to_csv_dag to 2024-09-09T00:00:00+00:00, run_after=2024-09-10T00:00:00+00:00
[2024-09-09T17:11:44.398+0000] {processor.py:179} INFO - Processing /opt/airflow/dags/postgres_to_csv_dag.py took 0.618 seconds
[2024-09-09T17:12:14.745+0000] {processor.py:157} INFO - Started process (PID=308) to work on /opt/airflow/dags/postgres_to_csv_dag.py
[2024-09-09T17:12:14.747+0000] {processor.py:829} INFO - Processing file /opt/airflow/dags/postgres_to_csv_dag.py for tasks to queue
[2024-09-09T17:12:14.750+0000] {logging_mixin.py:151} INFO - [2024-09-09T17:12:14.749+0000] {dagbag.py:539} INFO - Filling up the DagBag from /opt/airflow/dags/postgres_to_csv_dag.py
[2024-09-09T17:12:15.195+0000] {processor.py:839} INFO - DAG(s) dict_keys(['postgres_to_csv_dag']) retrieved from /opt/airflow/dags/postgres_to_csv_dag.py
[2024-09-09T17:12:15.243+0000] {logging_mixin.py:151} INFO - [2024-09-09T17:12:15.243+0000] {dag.py:2907} INFO - Sync 1 DAGs
[2024-09-09T17:12:15.278+0000] {logging_mixin.py:151} INFO - [2024-09-09T17:12:15.278+0000] {dag.py:3677} INFO - Setting next_dagrun for postgres_to_csv_dag to 2024-09-09T00:00:00+00:00, run_after=2024-09-10T00:00:00+00:00
[2024-09-09T17:12:15.299+0000] {processor.py:179} INFO - Processing /opt/airflow/dags/postgres_to_csv_dag.py took 0.562 seconds
[2024-09-09T17:12:45.859+0000] {processor.py:157} INFO - Started process (PID=314) to work on /opt/airflow/dags/postgres_to_csv_dag.py
[2024-09-09T17:12:45.864+0000] {processor.py:829} INFO - Processing file /opt/airflow/dags/postgres_to_csv_dag.py for tasks to queue
[2024-09-09T17:12:45.867+0000] {logging_mixin.py:151} INFO - [2024-09-09T17:12:45.866+0000] {dagbag.py:539} INFO - Filling up the DagBag from /opt/airflow/dags/postgres_to_csv_dag.py
[2024-09-09T17:12:46.328+0000] {processor.py:839} INFO - DAG(s) dict_keys(['postgres_to_csv_dag']) retrieved from /opt/airflow/dags/postgres_to_csv_dag.py
[2024-09-09T17:12:46.370+0000] {logging_mixin.py:151} INFO - [2024-09-09T17:12:46.370+0000] {dag.py:2907} INFO - Sync 1 DAGs
[2024-09-09T17:12:46.397+0000] {logging_mixin.py:151} INFO - [2024-09-09T17:12:46.397+0000] {dag.py:3677} INFO - Setting next_dagrun for postgres_to_csv_dag to 2024-09-09T00:00:00+00:00, run_after=2024-09-10T00:00:00+00:00
[2024-09-09T17:12:46.417+0000] {processor.py:179} INFO - Processing /opt/airflow/dags/postgres_to_csv_dag.py took 0.577 seconds
[2024-09-09T17:13:16.683+0000] {processor.py:157} INFO - Started process (PID=320) to work on /opt/airflow/dags/postgres_to_csv_dag.py
[2024-09-09T17:13:16.687+0000] {processor.py:829} INFO - Processing file /opt/airflow/dags/postgres_to_csv_dag.py for tasks to queue
[2024-09-09T17:13:16.689+0000] {logging_mixin.py:151} INFO - [2024-09-09T17:13:16.688+0000] {dagbag.py:539} INFO - Filling up the DagBag from /opt/airflow/dags/postgres_to_csv_dag.py
[2024-09-09T17:13:17.176+0000] {processor.py:839} INFO - DAG(s) dict_keys(['postgres_to_csv_dag']) retrieved from /opt/airflow/dags/postgres_to_csv_dag.py
[2024-09-09T17:13:17.239+0000] {logging_mixin.py:151} INFO - [2024-09-09T17:13:17.239+0000] {dag.py:2907} INFO - Sync 1 DAGs
[2024-09-09T17:13:17.266+0000] {logging_mixin.py:151} INFO - [2024-09-09T17:13:17.266+0000] {dag.py:3677} INFO - Setting next_dagrun for postgres_to_csv_dag to 2024-09-09T00:00:00+00:00, run_after=2024-09-10T00:00:00+00:00
[2024-09-09T17:13:17.284+0000] {processor.py:179} INFO - Processing /opt/airflow/dags/postgres_to_csv_dag.py took 0.611 seconds
[2024-09-09T17:13:47.847+0000] {processor.py:157} INFO - Started process (PID=329) to work on /opt/airflow/dags/postgres_to_csv_dag.py
[2024-09-09T17:13:47.851+0000] {processor.py:829} INFO - Processing file /opt/airflow/dags/postgres_to_csv_dag.py for tasks to queue
[2024-09-09T17:13:47.854+0000] {logging_mixin.py:151} INFO - [2024-09-09T17:13:47.853+0000] {dagbag.py:539} INFO - Filling up the DagBag from /opt/airflow/dags/postgres_to_csv_dag.py
[2024-09-09T17:13:48.530+0000] {processor.py:839} INFO - DAG(s) dict_keys(['postgres_to_csv_dag']) retrieved from /opt/airflow/dags/postgres_to_csv_dag.py
[2024-09-09T17:13:48.602+0000] {logging_mixin.py:151} INFO - [2024-09-09T17:13:48.602+0000] {dag.py:2907} INFO - Sync 1 DAGs
[2024-09-09T17:13:48.641+0000] {logging_mixin.py:151} INFO - [2024-09-09T17:13:48.640+0000] {dag.py:3677} INFO - Setting next_dagrun for postgres_to_csv_dag to 2024-09-09T00:00:00+00:00, run_after=2024-09-10T00:00:00+00:00
[2024-09-09T17:13:48.664+0000] {processor.py:179} INFO - Processing /opt/airflow/dags/postgres_to_csv_dag.py took 0.833 seconds
[2024-09-09T17:14:19.335+0000] {processor.py:157} INFO - Started process (PID=335) to work on /opt/airflow/dags/postgres_to_csv_dag.py
[2024-09-09T17:14:19.339+0000] {processor.py:829} INFO - Processing file /opt/airflow/dags/postgres_to_csv_dag.py for tasks to queue
[2024-09-09T17:14:19.342+0000] {logging_mixin.py:151} INFO - [2024-09-09T17:14:19.341+0000] {dagbag.py:539} INFO - Filling up the DagBag from /opt/airflow/dags/postgres_to_csv_dag.py
[2024-09-09T17:14:19.803+0000] {processor.py:839} INFO - DAG(s) dict_keys(['postgres_to_csv_dag']) retrieved from /opt/airflow/dags/postgres_to_csv_dag.py
[2024-09-09T17:14:19.867+0000] {logging_mixin.py:151} INFO - [2024-09-09T17:14:19.867+0000] {dag.py:2907} INFO - Sync 1 DAGs
[2024-09-09T17:14:19.894+0000] {logging_mixin.py:151} INFO - [2024-09-09T17:14:19.893+0000] {dag.py:3677} INFO - Setting next_dagrun for postgres_to_csv_dag to 2024-09-09T00:00:00+00:00, run_after=2024-09-10T00:00:00+00:00
[2024-09-09T17:14:19.910+0000] {processor.py:179} INFO - Processing /opt/airflow/dags/postgres_to_csv_dag.py took 0.594 seconds
[2024-09-09T17:14:50.453+0000] {processor.py:157} INFO - Started process (PID=341) to work on /opt/airflow/dags/postgres_to_csv_dag.py
[2024-09-09T17:14:50.457+0000] {processor.py:829} INFO - Processing file /opt/airflow/dags/postgres_to_csv_dag.py for tasks to queue
[2024-09-09T17:14:50.459+0000] {logging_mixin.py:151} INFO - [2024-09-09T17:14:50.458+0000] {dagbag.py:539} INFO - Filling up the DagBag from /opt/airflow/dags/postgres_to_csv_dag.py
[2024-09-09T17:14:50.881+0000] {processor.py:839} INFO - DAG(s) dict_keys(['postgres_to_csv_dag']) retrieved from /opt/airflow/dags/postgres_to_csv_dag.py
[2024-09-09T17:14:50.938+0000] {logging_mixin.py:151} INFO - [2024-09-09T17:14:50.938+0000] {dag.py:2907} INFO - Sync 1 DAGs
[2024-09-09T17:14:50.969+0000] {logging_mixin.py:151} INFO - [2024-09-09T17:14:50.969+0000] {dag.py:3677} INFO - Setting next_dagrun for postgres_to_csv_dag to 2024-09-09T00:00:00+00:00, run_after=2024-09-10T00:00:00+00:00
[2024-09-09T17:14:50.992+0000] {processor.py:179} INFO - Processing /opt/airflow/dags/postgres_to_csv_dag.py took 0.550 seconds
[2024-09-09T17:15:21.352+0000] {processor.py:157} INFO - Started process (PID=347) to work on /opt/airflow/dags/postgres_to_csv_dag.py
[2024-09-09T17:15:21.356+0000] {processor.py:829} INFO - Processing file /opt/airflow/dags/postgres_to_csv_dag.py for tasks to queue
[2024-09-09T17:15:21.360+0000] {logging_mixin.py:151} INFO - [2024-09-09T17:15:21.357+0000] {dagbag.py:539} INFO - Filling up the DagBag from /opt/airflow/dags/postgres_to_csv_dag.py
[2024-09-09T17:15:21.814+0000] {processor.py:839} INFO - DAG(s) dict_keys(['postgres_to_csv_dag']) retrieved from /opt/airflow/dags/postgres_to_csv_dag.py
[2024-09-09T17:15:21.867+0000] {logging_mixin.py:151} INFO - [2024-09-09T17:15:21.867+0000] {dag.py:2907} INFO - Sync 1 DAGs
[2024-09-09T17:15:21.908+0000] {logging_mixin.py:151} INFO - [2024-09-09T17:15:21.908+0000] {dag.py:3677} INFO - Setting next_dagrun for postgres_to_csv_dag to 2024-09-09T00:00:00+00:00, run_after=2024-09-10T00:00:00+00:00
[2024-09-09T17:15:21.927+0000] {processor.py:179} INFO - Processing /opt/airflow/dags/postgres_to_csv_dag.py took 0.593 seconds
[2024-09-09T17:15:52.481+0000] {processor.py:157} INFO - Started process (PID=353) to work on /opt/airflow/dags/postgres_to_csv_dag.py
[2024-09-09T17:15:52.487+0000] {processor.py:829} INFO - Processing file /opt/airflow/dags/postgres_to_csv_dag.py for tasks to queue
[2024-09-09T17:15:52.490+0000] {logging_mixin.py:151} INFO - [2024-09-09T17:15:52.488+0000] {dagbag.py:539} INFO - Filling up the DagBag from /opt/airflow/dags/postgres_to_csv_dag.py
[2024-09-09T17:15:52.944+0000] {processor.py:839} INFO - DAG(s) dict_keys(['postgres_to_csv_dag']) retrieved from /opt/airflow/dags/postgres_to_csv_dag.py
[2024-09-09T17:15:52.997+0000] {logging_mixin.py:151} INFO - [2024-09-09T17:15:52.997+0000] {dag.py:2907} INFO - Sync 1 DAGs
[2024-09-09T17:15:53.039+0000] {logging_mixin.py:151} INFO - [2024-09-09T17:15:53.039+0000] {dag.py:3677} INFO - Setting next_dagrun for postgres_to_csv_dag to 2024-09-09T00:00:00+00:00, run_after=2024-09-10T00:00:00+00:00
[2024-09-09T17:15:53.060+0000] {processor.py:179} INFO - Processing /opt/airflow/dags/postgres_to_csv_dag.py took 0.591 seconds
[2024-09-09T17:16:23.289+0000] {processor.py:157} INFO - Started process (PID=359) to work on /opt/airflow/dags/postgres_to_csv_dag.py
[2024-09-09T17:16:23.293+0000] {processor.py:829} INFO - Processing file /opt/airflow/dags/postgres_to_csv_dag.py for tasks to queue
[2024-09-09T17:16:23.296+0000] {logging_mixin.py:151} INFO - [2024-09-09T17:16:23.295+0000] {dagbag.py:539} INFO - Filling up the DagBag from /opt/airflow/dags/postgres_to_csv_dag.py
[2024-09-09T17:16:23.742+0000] {processor.py:839} INFO - DAG(s) dict_keys(['postgres_to_csv_dag']) retrieved from /opt/airflow/dags/postgres_to_csv_dag.py
[2024-09-09T17:16:23.814+0000] {logging_mixin.py:151} INFO - [2024-09-09T17:16:23.813+0000] {dag.py:2907} INFO - Sync 1 DAGs
[2024-09-09T17:16:23.841+0000] {logging_mixin.py:151} INFO - [2024-09-09T17:16:23.841+0000] {dag.py:3677} INFO - Setting next_dagrun for postgres_to_csv_dag to 2024-09-09T00:00:00+00:00, run_after=2024-09-10T00:00:00+00:00
[2024-09-09T17:16:23.858+0000] {processor.py:179} INFO - Processing /opt/airflow/dags/postgres_to_csv_dag.py took 0.583 seconds
[2024-09-09T17:16:54.398+0000] {processor.py:157} INFO - Started process (PID=365) to work on /opt/airflow/dags/postgres_to_csv_dag.py
[2024-09-09T17:16:54.402+0000] {processor.py:829} INFO - Processing file /opt/airflow/dags/postgres_to_csv_dag.py for tasks to queue
[2024-09-09T17:16:54.405+0000] {logging_mixin.py:151} INFO - [2024-09-09T17:16:54.403+0000] {dagbag.py:539} INFO - Filling up the DagBag from /opt/airflow/dags/postgres_to_csv_dag.py
[2024-09-09T17:16:54.883+0000] {processor.py:839} INFO - DAG(s) dict_keys(['postgres_to_csv_dag']) retrieved from /opt/airflow/dags/postgres_to_csv_dag.py
[2024-09-09T17:16:54.945+0000] {logging_mixin.py:151} INFO - [2024-09-09T17:16:54.944+0000] {dag.py:2907} INFO - Sync 1 DAGs
[2024-09-09T17:16:54.971+0000] {logging_mixin.py:151} INFO - [2024-09-09T17:16:54.971+0000] {dag.py:3677} INFO - Setting next_dagrun for postgres_to_csv_dag to 2024-09-09T00:00:00+00:00, run_after=2024-09-10T00:00:00+00:00
[2024-09-09T17:16:54.987+0000] {processor.py:179} INFO - Processing /opt/airflow/dags/postgres_to_csv_dag.py took 0.602 seconds
[2024-09-09T17:17:25.342+0000] {processor.py:157} INFO - Started process (PID=371) to work on /opt/airflow/dags/postgres_to_csv_dag.py
[2024-09-09T17:17:25.345+0000] {processor.py:829} INFO - Processing file /opt/airflow/dags/postgres_to_csv_dag.py for tasks to queue
[2024-09-09T17:17:25.348+0000] {logging_mixin.py:151} INFO - [2024-09-09T17:17:25.346+0000] {dagbag.py:539} INFO - Filling up the DagBag from /opt/airflow/dags/postgres_to_csv_dag.py
[2024-09-09T17:17:26.029+0000] {processor.py:839} INFO - DAG(s) dict_keys(['postgres_to_csv_dag']) retrieved from /opt/airflow/dags/postgres_to_csv_dag.py
[2024-09-09T17:17:26.105+0000] {logging_mixin.py:151} INFO - [2024-09-09T17:17:26.105+0000] {dag.py:2907} INFO - Sync 1 DAGs
[2024-09-09T17:17:26.139+0000] {logging_mixin.py:151} INFO - [2024-09-09T17:17:26.139+0000] {dag.py:3677} INFO - Setting next_dagrun for postgres_to_csv_dag to 2024-09-09T00:00:00+00:00, run_after=2024-09-10T00:00:00+00:00
[2024-09-09T17:17:26.156+0000] {processor.py:179} INFO - Processing /opt/airflow/dags/postgres_to_csv_dag.py took 0.823 seconds
[2024-09-09T17:17:57.273+0000] {processor.py:157} INFO - Started process (PID=377) to work on /opt/airflow/dags/postgres_to_csv_dag.py
[2024-09-09T17:17:57.276+0000] {processor.py:829} INFO - Processing file /opt/airflow/dags/postgres_to_csv_dag.py for tasks to queue
[2024-09-09T17:17:57.279+0000] {logging_mixin.py:151} INFO - [2024-09-09T17:17:57.278+0000] {dagbag.py:539} INFO - Filling up the DagBag from /opt/airflow/dags/postgres_to_csv_dag.py
[2024-09-09T17:17:57.846+0000] {processor.py:839} INFO - DAG(s) dict_keys(['postgres_to_csv_dag']) retrieved from /opt/airflow/dags/postgres_to_csv_dag.py
[2024-09-09T17:17:57.914+0000] {logging_mixin.py:151} INFO - [2024-09-09T17:17:57.913+0000] {dag.py:2907} INFO - Sync 1 DAGs
[2024-09-09T17:17:57.950+0000] {logging_mixin.py:151} INFO - [2024-09-09T17:17:57.949+0000] {dag.py:3677} INFO - Setting next_dagrun for postgres_to_csv_dag to 2024-09-09T00:00:00+00:00, run_after=2024-09-10T00:00:00+00:00
[2024-09-09T17:17:57.970+0000] {processor.py:179} INFO - Processing /opt/airflow/dags/postgres_to_csv_dag.py took 0.707 seconds
[2024-09-09T17:18:28.547+0000] {processor.py:157} INFO - Started process (PID=383) to work on /opt/airflow/dags/postgres_to_csv_dag.py
[2024-09-09T17:18:28.551+0000] {processor.py:829} INFO - Processing file /opt/airflow/dags/postgres_to_csv_dag.py for tasks to queue
[2024-09-09T17:18:28.553+0000] {logging_mixin.py:151} INFO - [2024-09-09T17:18:28.552+0000] {dagbag.py:539} INFO - Filling up the DagBag from /opt/airflow/dags/postgres_to_csv_dag.py
[2024-09-09T17:18:28.977+0000] {processor.py:839} INFO - DAG(s) dict_keys(['postgres_to_csv_dag']) retrieved from /opt/airflow/dags/postgres_to_csv_dag.py
[2024-09-09T17:18:29.023+0000] {logging_mixin.py:151} INFO - [2024-09-09T17:18:29.023+0000] {dag.py:2907} INFO - Sync 1 DAGs
[2024-09-09T17:18:29.050+0000] {logging_mixin.py:151} INFO - [2024-09-09T17:18:29.049+0000] {dag.py:3677} INFO - Setting next_dagrun for postgres_to_csv_dag to 2024-09-09T00:00:00+00:00, run_after=2024-09-10T00:00:00+00:00
[2024-09-09T17:18:29.067+0000] {processor.py:179} INFO - Processing /opt/airflow/dags/postgres_to_csv_dag.py took 0.534 seconds
[2024-09-09T17:18:59.338+0000] {processor.py:157} INFO - Started process (PID=392) to work on /opt/airflow/dags/postgres_to_csv_dag.py
[2024-09-09T17:18:59.343+0000] {processor.py:829} INFO - Processing file /opt/airflow/dags/postgres_to_csv_dag.py for tasks to queue
[2024-09-09T17:18:59.346+0000] {logging_mixin.py:151} INFO - [2024-09-09T17:18:59.345+0000] {dagbag.py:539} INFO - Filling up the DagBag from /opt/airflow/dags/postgres_to_csv_dag.py
[2024-09-09T17:18:59.844+0000] {processor.py:839} INFO - DAG(s) dict_keys(['postgres_to_csv_dag']) retrieved from /opt/airflow/dags/postgres_to_csv_dag.py
[2024-09-09T17:18:59.892+0000] {logging_mixin.py:151} INFO - [2024-09-09T17:18:59.892+0000] {dag.py:2907} INFO - Sync 1 DAGs
[2024-09-09T17:18:59.935+0000] {logging_mixin.py:151} INFO - [2024-09-09T17:18:59.935+0000] {dag.py:3677} INFO - Setting next_dagrun for postgres_to_csv_dag to 2024-09-09T00:00:00+00:00, run_after=2024-09-10T00:00:00+00:00
[2024-09-09T17:18:59.953+0000] {processor.py:179} INFO - Processing /opt/airflow/dags/postgres_to_csv_dag.py took 0.632 seconds
[2024-09-09T17:19:30.495+0000] {processor.py:157} INFO - Started process (PID=401) to work on /opt/airflow/dags/postgres_to_csv_dag.py
[2024-09-09T17:19:30.499+0000] {processor.py:829} INFO - Processing file /opt/airflow/dags/postgres_to_csv_dag.py for tasks to queue
[2024-09-09T17:19:30.503+0000] {logging_mixin.py:151} INFO - [2024-09-09T17:19:30.502+0000] {dagbag.py:539} INFO - Filling up the DagBag from /opt/airflow/dags/postgres_to_csv_dag.py
[2024-09-09T17:19:31.060+0000] {processor.py:839} INFO - DAG(s) dict_keys(['postgres_to_csv_dag']) retrieved from /opt/airflow/dags/postgres_to_csv_dag.py
[2024-09-09T17:19:31.120+0000] {logging_mixin.py:151} INFO - [2024-09-09T17:19:31.120+0000] {dag.py:2907} INFO - Sync 1 DAGs
[2024-09-09T17:19:31.148+0000] {logging_mixin.py:151} INFO - [2024-09-09T17:19:31.148+0000] {dag.py:3677} INFO - Setting next_dagrun for postgres_to_csv_dag to 2024-09-09T00:00:00+00:00, run_after=2024-09-10T00:00:00+00:00
[2024-09-09T17:19:31.166+0000] {processor.py:179} INFO - Processing /opt/airflow/dags/postgres_to_csv_dag.py took 0.687 seconds
[2024-09-09T17:20:01.498+0000] {processor.py:157} INFO - Started process (PID=410) to work on /opt/airflow/dags/postgres_to_csv_dag.py
[2024-09-09T17:20:01.503+0000] {processor.py:829} INFO - Processing file /opt/airflow/dags/postgres_to_csv_dag.py for tasks to queue
[2024-09-09T17:20:01.506+0000] {logging_mixin.py:151} INFO - [2024-09-09T17:20:01.505+0000] {dagbag.py:539} INFO - Filling up the DagBag from /opt/airflow/dags/postgres_to_csv_dag.py
[2024-09-09T17:20:01.994+0000] {processor.py:839} INFO - DAG(s) dict_keys(['postgres_to_csv_dag']) retrieved from /opt/airflow/dags/postgres_to_csv_dag.py
[2024-09-09T17:20:02.060+0000] {logging_mixin.py:151} INFO - [2024-09-09T17:20:02.059+0000] {dag.py:2907} INFO - Sync 1 DAGs
[2024-09-09T17:20:02.088+0000] {logging_mixin.py:151} INFO - [2024-09-09T17:20:02.088+0000] {dag.py:3677} INFO - Setting next_dagrun for postgres_to_csv_dag to 2024-09-09T00:00:00+00:00, run_after=2024-09-10T00:00:00+00:00
[2024-09-09T17:20:02.106+0000] {processor.py:179} INFO - Processing /opt/airflow/dags/postgres_to_csv_dag.py took 0.622 seconds
[2024-09-09T17:20:32.757+0000] {processor.py:157} INFO - Started process (PID=416) to work on /opt/airflow/dags/postgres_to_csv_dag.py
[2024-09-09T17:20:32.760+0000] {processor.py:829} INFO - Processing file /opt/airflow/dags/postgres_to_csv_dag.py for tasks to queue
[2024-09-09T17:20:32.763+0000] {logging_mixin.py:151} INFO - [2024-09-09T17:20:32.762+0000] {dagbag.py:539} INFO - Filling up the DagBag from /opt/airflow/dags/postgres_to_csv_dag.py
[2024-09-09T17:20:33.195+0000] {processor.py:839} INFO - DAG(s) dict_keys(['postgres_to_csv_dag']) retrieved from /opt/airflow/dags/postgres_to_csv_dag.py
[2024-09-09T17:20:33.252+0000] {logging_mixin.py:151} INFO - [2024-09-09T17:20:33.252+0000] {dag.py:2907} INFO - Sync 1 DAGs
[2024-09-09T17:20:33.279+0000] {logging_mixin.py:151} INFO - [2024-09-09T17:20:33.279+0000] {dag.py:3677} INFO - Setting next_dagrun for postgres_to_csv_dag to 2024-09-09T00:00:00+00:00, run_after=2024-09-10T00:00:00+00:00
[2024-09-09T17:20:33.295+0000] {processor.py:179} INFO - Processing /opt/airflow/dags/postgres_to_csv_dag.py took 0.551 seconds
[2024-09-09T17:21:03.795+0000] {processor.py:157} INFO - Started process (PID=422) to work on /opt/airflow/dags/postgres_to_csv_dag.py
[2024-09-09T17:21:03.799+0000] {processor.py:829} INFO - Processing file /opt/airflow/dags/postgres_to_csv_dag.py for tasks to queue
[2024-09-09T17:21:03.801+0000] {logging_mixin.py:151} INFO - [2024-09-09T17:21:03.800+0000] {dagbag.py:539} INFO - Filling up the DagBag from /opt/airflow/dags/postgres_to_csv_dag.py
[2024-09-09T17:21:04.288+0000] {processor.py:839} INFO - DAG(s) dict_keys(['postgres_to_csv_dag']) retrieved from /opt/airflow/dags/postgres_to_csv_dag.py
[2024-09-09T17:21:04.329+0000] {logging_mixin.py:151} INFO - [2024-09-09T17:21:04.329+0000] {dag.py:2907} INFO - Sync 1 DAGs
[2024-09-09T17:21:04.355+0000] {logging_mixin.py:151} INFO - [2024-09-09T17:21:04.355+0000] {dag.py:3677} INFO - Setting next_dagrun for postgres_to_csv_dag to 2024-09-09T00:00:00+00:00, run_after=2024-09-10T00:00:00+00:00
[2024-09-09T17:21:04.372+0000] {processor.py:179} INFO - Processing /opt/airflow/dags/postgres_to_csv_dag.py took 0.591 seconds
[2024-09-09T17:22:24.417+0000] {processor.py:157} INFO - Started process (PID=163) to work on /opt/airflow/dags/postgres_to_csv_dag.py
[2024-09-09T17:22:24.420+0000] {processor.py:829} INFO - Processing file /opt/airflow/dags/postgres_to_csv_dag.py for tasks to queue
[2024-09-09T17:22:24.422+0000] {logging_mixin.py:151} INFO - [2024-09-09T17:22:24.421+0000] {dagbag.py:539} INFO - Filling up the DagBag from /opt/airflow/dags/postgres_to_csv_dag.py
[2024-09-09T17:22:26.200+0000] {processor.py:839} INFO - DAG(s) dict_keys(['postgres_to_csv_dag']) retrieved from /opt/airflow/dags/postgres_to_csv_dag.py
[2024-09-09T17:22:26.266+0000] {logging_mixin.py:151} INFO - [2024-09-09T17:22:26.265+0000] {dag.py:2907} INFO - Sync 1 DAGs
[2024-09-09T17:22:26.304+0000] {logging_mixin.py:151} INFO - [2024-09-09T17:22:26.304+0000] {dag.py:3677} INFO - Setting next_dagrun for postgres_to_csv_dag to 2024-09-09T00:00:00+00:00, run_after=2024-09-10T00:00:00+00:00
[2024-09-09T17:22:26.323+0000] {processor.py:179} INFO - Processing /opt/airflow/dags/postgres_to_csv_dag.py took 1.912 seconds
[2024-09-09T17:22:57.161+0000] {processor.py:157} INFO - Started process (PID=170) to work on /opt/airflow/dags/postgres_to_csv_dag.py
[2024-09-09T17:22:57.165+0000] {processor.py:829} INFO - Processing file /opt/airflow/dags/postgres_to_csv_dag.py for tasks to queue
[2024-09-09T17:22:57.169+0000] {logging_mixin.py:151} INFO - [2024-09-09T17:22:57.167+0000] {dagbag.py:539} INFO - Filling up the DagBag from /opt/airflow/dags/postgres_to_csv_dag.py
[2024-09-09T17:22:58.226+0000] {processor.py:839} INFO - DAG(s) dict_keys(['postgres_to_csv_dag']) retrieved from /opt/airflow/dags/postgres_to_csv_dag.py
[2024-09-09T17:22:58.341+0000] {logging_mixin.py:151} INFO - [2024-09-09T17:22:58.340+0000] {dag.py:2907} INFO - Sync 1 DAGs
[2024-09-09T17:22:58.369+0000] {logging_mixin.py:151} INFO - [2024-09-09T17:22:58.369+0000] {dag.py:3677} INFO - Setting next_dagrun for postgres_to_csv_dag to 2024-09-09T00:00:00+00:00, run_after=2024-09-10T00:00:00+00:00
[2024-09-09T17:22:58.389+0000] {processor.py:179} INFO - Processing /opt/airflow/dags/postgres_to_csv_dag.py took 1.255 seconds
[2024-09-09T17:23:28.967+0000] {processor.py:157} INFO - Started process (PID=179) to work on /opt/airflow/dags/postgres_to_csv_dag.py
[2024-09-09T17:23:28.970+0000] {processor.py:829} INFO - Processing file /opt/airflow/dags/postgres_to_csv_dag.py for tasks to queue
[2024-09-09T17:23:28.973+0000] {logging_mixin.py:151} INFO - [2024-09-09T17:23:28.972+0000] {dagbag.py:539} INFO - Filling up the DagBag from /opt/airflow/dags/postgres_to_csv_dag.py
[2024-09-09T17:23:29.687+0000] {processor.py:839} INFO - DAG(s) dict_keys(['postgres_to_csv_dag']) retrieved from /opt/airflow/dags/postgres_to_csv_dag.py
[2024-09-09T17:23:29.738+0000] {logging_mixin.py:151} INFO - [2024-09-09T17:23:29.737+0000] {dag.py:2907} INFO - Sync 1 DAGs
[2024-09-09T17:23:29.760+0000] {logging_mixin.py:151} INFO - [2024-09-09T17:23:29.759+0000] {dag.py:3677} INFO - Setting next_dagrun for postgres_to_csv_dag to 2024-09-09T00:00:00+00:00, run_after=2024-09-10T00:00:00+00:00
[2024-09-09T17:23:29.774+0000] {processor.py:179} INFO - Processing /opt/airflow/dags/postgres_to_csv_dag.py took 0.816 seconds
[2024-09-09T17:24:00.002+0000] {processor.py:157} INFO - Started process (PID=185) to work on /opt/airflow/dags/postgres_to_csv_dag.py
[2024-09-09T17:24:00.005+0000] {processor.py:829} INFO - Processing file /opt/airflow/dags/postgres_to_csv_dag.py for tasks to queue
[2024-09-09T17:24:00.008+0000] {logging_mixin.py:151} INFO - [2024-09-09T17:24:00.007+0000] {dagbag.py:539} INFO - Filling up the DagBag from /opt/airflow/dags/postgres_to_csv_dag.py
[2024-09-09T17:24:00.738+0000] {processor.py:839} INFO - DAG(s) dict_keys(['postgres_to_csv_dag']) retrieved from /opt/airflow/dags/postgres_to_csv_dag.py
[2024-09-09T17:24:00.790+0000] {logging_mixin.py:151} INFO - [2024-09-09T17:24:00.788+0000] {dag.py:2907} INFO - Sync 1 DAGs
[2024-09-09T17:24:00.809+0000] {logging_mixin.py:151} INFO - [2024-09-09T17:24:00.809+0000] {dag.py:3677} INFO - Setting next_dagrun for postgres_to_csv_dag to 2024-09-09T00:00:00+00:00, run_after=2024-09-10T00:00:00+00:00
[2024-09-09T17:24:00.823+0000] {processor.py:179} INFO - Processing /opt/airflow/dags/postgres_to_csv_dag.py took 0.830 seconds
[2024-09-09T17:24:31.328+0000] {processor.py:157} INFO - Started process (PID=194) to work on /opt/airflow/dags/postgres_to_csv_dag.py
[2024-09-09T17:24:31.331+0000] {processor.py:829} INFO - Processing file /opt/airflow/dags/postgres_to_csv_dag.py for tasks to queue
[2024-09-09T17:24:31.334+0000] {logging_mixin.py:151} INFO - [2024-09-09T17:24:31.333+0000] {dagbag.py:539} INFO - Filling up the DagBag from /opt/airflow/dags/postgres_to_csv_dag.py
[2024-09-09T17:24:32.104+0000] {processor.py:839} INFO - DAG(s) dict_keys(['postgres_to_csv_dag']) retrieved from /opt/airflow/dags/postgres_to_csv_dag.py
[2024-09-09T17:24:32.159+0000] {logging_mixin.py:151} INFO - [2024-09-09T17:24:32.158+0000] {dag.py:2907} INFO - Sync 1 DAGs
[2024-09-09T17:24:32.178+0000] {logging_mixin.py:151} INFO - [2024-09-09T17:24:32.178+0000] {dag.py:3677} INFO - Setting next_dagrun for postgres_to_csv_dag to 2024-09-09T00:00:00+00:00, run_after=2024-09-10T00:00:00+00:00
[2024-09-09T17:24:32.192+0000] {processor.py:179} INFO - Processing /opt/airflow/dags/postgres_to_csv_dag.py took 0.875 seconds
[2024-09-09T17:25:02.756+0000] {processor.py:157} INFO - Started process (PID=200) to work on /opt/airflow/dags/postgres_to_csv_dag.py
[2024-09-09T17:25:02.759+0000] {processor.py:829} INFO - Processing file /opt/airflow/dags/postgres_to_csv_dag.py for tasks to queue
[2024-09-09T17:25:02.761+0000] {logging_mixin.py:151} INFO - [2024-09-09T17:25:02.760+0000] {dagbag.py:539} INFO - Filling up the DagBag from /opt/airflow/dags/postgres_to_csv_dag.py
[2024-09-09T17:25:03.504+0000] {processor.py:839} INFO - DAG(s) dict_keys(['postgres_to_csv_dag']) retrieved from /opt/airflow/dags/postgres_to_csv_dag.py
[2024-09-09T17:25:03.569+0000] {logging_mixin.py:151} INFO - [2024-09-09T17:25:03.568+0000] {dag.py:2907} INFO - Sync 1 DAGs
[2024-09-09T17:25:03.628+0000] {logging_mixin.py:151} INFO - [2024-09-09T17:25:03.627+0000] {dag.py:3677} INFO - Setting next_dagrun for postgres_to_csv_dag to 2024-09-09T00:00:00+00:00, run_after=2024-09-10T00:00:00+00:00
[2024-09-09T17:25:03.693+0000] {processor.py:179} INFO - Processing /opt/airflow/dags/postgres_to_csv_dag.py took 0.947 seconds
